#
# A fatal error has been detected by the Java Runtime Environment:
#
#  SIGSEGV (0xb) at pc=0x00000001092b8afb, pid=25960, tid=23043
#
# JRE version: OpenJDK Runtime Environment Temurin-17.0.5+8 (17.0.5+8) (build 17.0.5+8)
# Java VM: OpenJDK 64-Bit Server VM Temurin-17.0.5+8 (17.0.5+8, mixed mode, tiered, compressed oops, compressed class ptrs, parallel gc, bsd-amd64)
# Problematic frame:
# V  [libjvm.dylib+0x342afb]  _ZN14CompiledMethod26cleanup_inline_caches_implEbb+0x1fb
#
# No core dump will be written. Core dumps have been disabled. To enable core dumping, try "ulimit -c unlimited" before starting Java again
#
# If you would like to submit a bug report, please visit:
#   https://github.com/adoptium/adoptium-support/issues
#

---------------  S U M M A R Y ------------

Command Line: --add-modules=ALL-SYSTEM --add-opens=java.base/java.util=ALL-UNNAMED --add-opens=java.base/java.lang=ALL-UNNAMED --add-opens=java.base/sun.nio.fs=ALL-UNNAMED -Declipse.application=org.eclipse.jdt.ls.core.id1 -Dosgi.bundles.defaultStartLevel=4 -Declipse.product=org.eclipse.jdt.ls.core.product -Djava.import.generatesMetadataFilesAtProjectRoot=false -Dfile.encoding=utf8 -XX:+UseParallelGC -XX:GCTimeRatio=4 -XX:AdaptiveSizePolicyWeight=90 -Dsun.zip.disableMemoryMapping=true -Xmx1G -Xms100m -Xlog:disable -javaagent:/Users/mac/.vscode/extensions/redhat.java-1.14.0-darwin-x64/lombok/lombok-1.18.24.jar -XX:+HeapDumpOnOutOfMemoryError -XX:HeapDumpPath=/Users/mac/Library/Application Support/Code/User/workspaceStorage/9db3e3170695d11c8c0c014fec26a4c1/redhat.java /Users/mac/.vscode/extensions/redhat.java-1.14.0-darwin-x64/server/plugins/org.eclipse.equinox.launcher_1.6.400.v20210924-0641.jar -configuration /Users/mac/Library/Application Support/Code/User/globalStorage/redhat.java/1.14.0/config_mac -data /Users/mac/Library/Application Support/Code/User/workspaceStorage/9db3e3170695d11c8c0c014fec26a4c1/redhat.java/jdt_ws

Host: "MacPro7,1" x86_64 2900 MHz, 6 cores, 16G, Darwin 21.2.0, macOS 10.16 (21C52)
Time: Fri Jan 20 17:48:01 2023 IST elapsed time: 443.340519 seconds (0d 0h 7m 23s)

---------------  T H R E A D  ---------------

Current thread (0x00007fdf6400b400):  JavaThread "Sweeper thread" daemon [_thread_in_vm, id=23043, stack(0x00007000042f7000,0x00007000043f7000)]

Stack: [0x00007000042f7000,0x00007000043f7000],  sp=0x00007000043f6b10,  free space=1022k
Native frames: (J=compiled Java code, j=interpreted, Vv=VM code, C=native code)
V  [libjvm.dylib+0x342afb]  _ZN14CompiledMethod26cleanup_inline_caches_implEbb+0x1fb
V  [libjvm.dylib+0x342f93]  _ZN14CompiledMethod21cleanup_inline_cachesEb+0x33
V  [libjvm.dylib+0xa53b0b]  _ZN14NMethodSweeper23process_compiled_methodEP14CompiledMethod+0xdb
V  [libjvm.dylib+0xa53449]  _ZN14NMethodSweeper16sweep_code_cacheEv+0x159
V  [libjvm.dylib+0xa53044]  _ZN14NMethodSweeper5sweepEv+0x54
V  [libjvm.dylib+0xa52f35]  _ZN14NMethodSweeper12sweeper_loopEv+0x35
V  [libjvm.dylib+0xaa40af]  _ZN10JavaThread17thread_main_innerEv+0x14f
V  [libjvm.dylib+0xaa241f]  _ZN6Thread8call_runEv+0xcf
V  [libjvm.dylib+0x8af1eb]  _ZL19thread_native_entryP6Thread+0x14b
C  [libsystem_pthread.dylib+0x64f4]  _pthread_start+0x7d
C  [libsystem_pthread.dylib+0x200f]  thread_start+0xf


siginfo: si_signo: 11 (SIGSEGV), si_code: 1 (SEGV_MAPERR), si_addr: 0x0000000000000100

Register to memory mapping:

RAX=0x0000000000000100 is an unknown value
RBX=0x0000000000000100 is an unknown value
RCX=0x0000000000000100 is an unknown value
RDX=0x00000001090e7903: _ZN9Assembler14locate_operandEPhNS_12WhichOperandE+0x123 in /Users/mac/.vscode/extensions/redhat.java-1.14.0-darwin-x64/jre/17.0.5-macosx-x86_64/lib/server/libjvm.dylib at 0x0000000108f76000
RSP=0x00007000043f6b10 is pointing into the stack for thread: 0x00007fdf6400b400
RBP=0x00007000043f6c10 is pointing into the stack for thread: 0x00007fdf6400b400
RSI=0x00000001090e7a94: _ZN9Assembler14locate_operandEPhNS_12WhichOperandE+0x2b4 in /Users/mac/.vscode/extensions/redhat.java-1.14.0-darwin-x64/jre/17.0.5-macosx-x86_64/lib/server/libjvm.dylib at 0x0000000108f76000
RDI=0x00000001155125c5 is at entry_point+3269 in (nmethod*)0x0000000115511690
R8 =0x0000000115467f10 is at entry_point+-432 in (nmethod*)0x0000000115467f10
R9 =0x0000000107f15000 points into unknown readable memory: 0x0706050403020100 | 00 01 02 03 04 05 06 07
R10=0x0000000115511914 is at entry_point+20 in (nmethod*)0x0000000115511690
R11=0x00000001155117f0 is at entry_point+-272 in (nmethod*)0x0000000115511690
R12=0x00007fdf5ff07e80 points into unknown readable memory: 0x00007fdf5ff07ea0 | a0 7e f0 5f df 7f 00 00
R13=0x0 is NULL
R14=0x0000000115511690 is at entry_point+-624 in (nmethod*)0x0000000115511690
R15=0x0000000000000001 is an unknown value


Registers:
RAX=0x0000000000000100, RBX=0x0000000000000100, RCX=0x0000000000000100, RDX=0x00000001090e7903
RSP=0x00007000043f6b10, RBP=0x00007000043f6c10, RSI=0x00000001090e7a94, RDI=0x00000001155125c5
R8 =0x0000000115467f10, R9 =0x0000000107f15000, R10=0x0000000115511914, R11=0x00000001155117f0
R12=0x00007fdf5ff07e80, R13=0x0000000000000000, R14=0x0000000115511690, R15=0x0000000000000001
RIP=0x00000001092b8afb, EFLAGS=0x0000000000010206, ERR=0x0000000000000004
  TRAPNO=0x000000000000000e

Top of Stack: (sp=0x00007000043f6b10)
0x00007000043f6b10:   00007fdf5ff07ce0 00007fdf5ff07cf0
0x00007000043f6b20:   0000000000000000 00000001155118bc
0x00007000043f6b30:   00000001155118f8 0000000115511690
0x00007000043f6b40:   00000001155125c5 00000001152a009d
0x00007000043f6b50:   00000001155118b8 00007ff818180000
0x00007000043f6b60:   0000000115511900 0000000115511900
0x00007000043f6b70:   0000000115512560 0000000115511900
0x00007000043f6b80:   0000000115512560 0000000115512630
0x00007000043f6b90:   0000000109c87b78 00007000043f6b20
0x00007000043f6ba0:   000000000000000c 0000000100000000
0x00007000043f6bb0:   0000600000000000 00007fdf5ff080c8
0x00007000043f6bc0:   00000000000003d8 0000000109c87b78
0x00007000043f6bd0:   00000000043f6c28 0000600000fd4570
0x00007000043f6be0:   00000000043f6bf0 0000000115511690
0x00007000043f6bf0:   0000000115511690 0000000115511690
0x00007000043f6c00:   00007000043f6c28 0000000000000000
0x00007000043f6c10:   00007000043f6c70 00000001092b8f93
0x00007000043f6c20:   0000000000000001 0000000115511690
0x00007000043f6c30:   00006000003c9100 0000000000000101
0x00007000043f6c40:   00007000043f6c70 0000000115511690
0x00007000043f6c50:   0000000000000001 0000000115511690
0x00007000043f6c60:   0000000000000000 00007fdf6400b400
0x00007000043f6c70:   00007000043f6ca0 00000001099c9b0b
0x00007000043f6c80:   0000000109b1dece 0000000000000eb8
0x00007000043f6c90:   0000000000001cef 0000600002fc2e80
0x00007000043f6ca0:   00007000043f6e00 00000001099c9449
0x00007000043f6cb0:   00007fdf5ff07ce0 00007fdf5ff07cf0
0x00007000043f6cc0:   00007000043f6da8 0000600000fd4570
0x00007000043f6cd0:   00007fdf5ff080c8 00000000000003d8
0x00007000043f6ce0:   0000012bbd662206 0000006738999bd9
0x00007000043f6cf0:   0000000000000000 00006000022c08c0
0x00007000043f6d00:   0000000000000500 00007ff81818ea69 

Instructions: (pc=0x00000001092b8afb)
0x00000001092b89fb:   00 00 00 00 00 45 89 ef 48 8b 85 18 ff ff ff 45
0x00000001092b8a0b:   84 ed 0f 84 4d 01 00 00 48 83 c0 02 48 89 85 18
0x00000001092b8a1b:   ff ff ff 48 3b 85 20 ff ff ff 48 8d bd 10 ff ff
0x00000001092b8a2b:   ff 0f 84 51 04 00 00 66 c7 85 48 ff ff ff 00 00
0x00000001092b8a3b:   0f b7 08 81 f9 00 f0 00 00 72 0f e8 45 84 5e 00
0x00000001092b8a4b:   48 8b 85 18 ff ff ff 0f b7 08 81 e1 ff 03 00 00
0x00000001092b8a5b:   48 03 8d 30 ff ff ff 48 89 8d 30 ff ff ff 48 8b
0x00000001092b8a6b:   95 10 ff ff ff 48 85 d2 74 09 48 39 d1 0f 83 05
0x00000001092b8a7b:   04 00 00 0f b7 00 c1 e8 0c 04 fe 45 89 fd 3c 0a
0x00000001092b8a8b:   0f 87 6f ff ff ff 41 b5 01 0f b6 c0 48 8d 0d 46
0x00000001092b8a9b:   04 00 00 48 63 04 81 48 01 c8 ff e0 49 8b 06 4c
0x00000001092b8aab:   89 f7 ff 90 20 02 00 00 45 31 ed 84 c0 0f 85 42
0x00000001092b8abb:   ff ff ff c7 45 90 0c 00 00 00 48 8b 45 b8 48 89
0x00000001092b8acb:   45 80 48 8d 85 10 ff ff ff 48 89 45 88 48 8d 5d
0x00000001092b8adb:   80 48 89 df e8 ac 91 5e 00 48 89 df e8 14 9e 5e
0x00000001092b8aeb:   00 45 31 ed 48 85 c0 0f 84 08 ff ff ff 48 89 c3
0x00000001092b8afb:   48 8b 00 48 89 df ff 50 10 45 31 ed 84 c0 0f 84
0x00000001092b8b0b:   f1 fe ff ff 48 8b 43 08 48 8b 40 08 48 8b 40 18
0x00000001092b8b1b:   48 8b b8 98 00 00 00 e8 49 20 fb ff 45 31 ed 84
0x00000001092b8b2b:   c0 0f 85 ce fe ff ff 48 8d 7d 80 e8 95 9d 5e 00
0x00000001092b8b3b:   48 c7 00 00 00 00 00 45 31 ed 83 7d 94 00 0f 84
0x00000001092b8b4b:   b1 fe ff ff 48 8d 7d 80 e8 e8 9d 5e 00 45 31 ed
0x00000001092b8b5b:   e9 a0 fe ff ff 48 8d 9d 10 ff ff ff 66 0f 1f 84
0x00000001092b8b6b:   00 00 00 00 00 48 83 c0 02 48 89 85 18 ff ff ff
0x00000001092b8b7b:   48 3b 85 20 ff ff ff 0f 84 fb 02 00 00 66 c7 85
0x00000001092b8b8b:   48 ff ff ff 00 00 0f b7 08 81 f9 00 f0 00 00 72
0x00000001092b8b9b:   12 48 89 df e8 ec 82 5e 00 48 8b 85 18 ff ff ff
0x00000001092b8bab:   0f b7 08 81 e1 ff 03 00 00 48 03 8d 30 ff ff ff
0x00000001092b8bbb:   48 89 8d 30 ff ff ff 48 8b 95 10 ff ff ff 48 85
0x00000001092b8bcb:   d2 74 09 48 39 d1 0f 83 ac 02 00 00 0f b7 08 c1
0x00000001092b8bdb:   e9 0c 80 f9 0c 74 8e 80 c1 fe 45 89 fd 80 f9 03
0x00000001092b8beb:   0f 87 0f fe ff ff 0f b6 c1 48 8d 0d 15 03 00 00 


Stack slot to memory mapping:
stack at sp + 0 slots: 0x00007fdf5ff07ce0 points into unknown readable memory: 0x0000000000000000 | 00 00 00 00 00 00 00 00
stack at sp + 1 slots: 0x00007fdf5ff07cf0 points into unknown readable memory: 0x00007fdf5ff07d10 | 10 7d f0 5f df 7f 00 00
stack at sp + 2 slots: 0x0 is NULL
stack at sp + 3 slots: 0x00000001155118bc is at entry_point+-68 in (nmethod*)0x0000000115511690
stack at sp + 4 slots: 0x00000001155118f8 is at entry_point+-8 in (nmethod*)0x0000000115511690
stack at sp + 5 slots: 0x0000000115511690 is at entry_point+-624 in (nmethod*)0x0000000115511690
stack at sp + 6 slots: 0x00000001155125c5 is at entry_point+3269 in (nmethod*)0x0000000115511690
stack at sp + 7 slots: 0x00000001152a009d is at entry_point+10301 in (nmethod*)0x000000011529d390


---------------  P R O C E S S  ---------------

Threads class SMR info:
_java_thread_list=0x00006000007b8580, length=35, elements={
0x00007fdf61009e00, 0x00007fdf63808200, 0x00007fdf61808a00, 0x00007fdf63809200,
0x00007fdf6400e600, 0x00007fdf6400ec00, 0x00007fdf61008800, 0x00007fdf64808200,
0x00007fdf6400b400, 0x00007fdf61025e00, 0x00007fdf64808800, 0x00007fdf6180fc00,
0x00007fdf6400ba00, 0x00007fdf61843000, 0x00007fdf64013e00, 0x00007fdf64922200,
0x00007fdf639bc600, 0x00007fdf61976400, 0x00007fdf60147800, 0x00007fdf64fffa00,
0x00007fdf639b9a00, 0x00007fdf61069e00, 0x00007fdf6106a400, 0x00007fdf61e09400,
0x00007fdf64012800, 0x00007fdf658f0800, 0x00007fdf66bef200, 0x00007fdf64008800,
0x00007fdf619c0600, 0x00007fdf6181fc00, 0x00007fdf66bff600, 0x00007fdf60144e00,
0x00007fdf6106aa00, 0x00007fdf639a9e00, 0x00007fdf64810e00
}

Java Threads: ( => current thread )
  0x00007fdf61009e00 JavaThread "main" [_thread_blocked, id=6659, stack(0x00007000037d3000,0x00007000038d3000)]
  0x00007fdf63808200 JavaThread "Reference Handler" daemon [_thread_blocked, id=18179, stack(0x0000700003adc000,0x0000700003bdc000)]
  0x00007fdf61808a00 JavaThread "Finalizer" daemon [_thread_blocked, id=17667, stack(0x0000700003bdf000,0x0000700003cdf000)]
  0x00007fdf63809200 JavaThread "Signal Dispatcher" daemon [_thread_blocked, id=16131, stack(0x0000700003de8000,0x0000700003ee8000)]
  0x00007fdf6400e600 JavaThread "Service Thread" daemon [_thread_blocked, id=15363, stack(0x0000700003eeb000,0x0000700003feb000)]
  0x00007fdf6400ec00 JavaThread "Monitor Deflation Thread" daemon [_thread_blocked, id=21763, stack(0x0000700003fee000,0x00007000040ee000)]
  0x00007fdf61008800 JavaThread "C2 CompilerThread0" daemon [_thread_in_native, id=22275, stack(0x00007000040f1000,0x00007000041f1000)]
  0x00007fdf64808200 JavaThread "C1 CompilerThread0" daemon [_thread_blocked, id=43267, stack(0x00007000041f4000,0x00007000042f4000)]
=>0x00007fdf6400b400 JavaThread "Sweeper thread" daemon [_thread_in_vm, id=23043, stack(0x00007000042f7000,0x00007000043f7000)]
  0x00007fdf61025e00 JavaThread "Common-Cleaner" daemon [_thread_blocked, id=42755, stack(0x00007000043fa000,0x00007000044fa000)]
  0x00007fdf64808800 JavaThread "Notification Thread" daemon [_thread_blocked, id=23299, stack(0x00007000044fd000,0x00007000045fd000)]
  0x00007fdf6180fc00 JavaThread "Active Thread: Equinox Container: f9447a88-b8c0-457c-bf4f-5c585031b7ed" [_thread_blocked, id=40963, stack(0x0000700004c39000,0x0000700004d39000)]
  0x00007fdf6400ba00 JavaThread "Framework Event Dispatcher: Equinox Container: f9447a88-b8c0-457c-bf4f-5c585031b7ed" daemon [_thread_blocked, id=26371, stack(0x0000700004e3f000,0x0000700004f3f000)]
  0x00007fdf61843000 JavaThread "Start Level: Equinox Container: f9447a88-b8c0-457c-bf4f-5c585031b7ed" daemon [_thread_blocked, id=26883, stack(0x0000700004f42000,0x0000700005042000)]
  0x00007fdf64013e00 JavaThread "SCR Component Actor" daemon [_thread_blocked, id=38155, stack(0x0000700005045000,0x0000700005145000)]
  0x00007fdf64922200 JavaThread "Bundle File Closer" daemon [_thread_blocked, id=85251, stack(0x00007000052ce000,0x00007000053ce000)]
  0x00007fdf639bc600 JavaThread "Worker-JM" [_thread_blocked, id=45827, stack(0x00007000053d1000,0x00007000054d1000)]
  0x00007fdf61976400 JavaThread "Worker-1: Synchronizing projects" [_thread_blocked, id=46083, stack(0x00007000055d7000,0x00007000056d7000)]
  0x00007fdf60147800 JavaThread "Worker-2: Synchronizing projects" [_thread_blocked, id=46595, stack(0x00007000056da000,0x00007000057da000)]
  0x00007fdf64fffa00 JavaThread "Java indexing" daemon [_thread_blocked, id=83971, stack(0x00007000057dd000,0x00007000058dd000)]
  0x00007fdf639b9a00 JavaThread "Worker-3: Compacting resource model" [_thread_blocked, id=83715, stack(0x00007000058e0000,0x00007000059e0000)]
  0x00007fdf61069e00 JavaThread "pool-2-thread-1" [_thread_blocked, id=47107, stack(0x00007000059e3000,0x0000700005ae3000)]
  0x00007fdf6106a400 JavaThread "pool-1-thread-1" [_thread_in_native, id=47619, stack(0x0000700005ae6000,0x0000700005be6000)]
  0x00007fdf61e09400 JavaThread "Refresh Thread: Equinox Container: f9447a88-b8c0-457c-bf4f-5c585031b7ed" daemon [_thread_blocked, id=82691, stack(0x0000700005cec000,0x0000700005dec000)]
  0x00007fdf64012800 JavaThread "Worker-5" [_thread_blocked, id=82179, stack(0x0000700005def000,0x0000700005eef000)]
  0x00007fdf658f0800 JavaThread "Timer-0" [_thread_blocked, id=84743, stack(0x0000700004d3c000,0x0000700004e3c000)]
  0x00007fdf66bef200 JavaThread "Exec process" [_thread_blocked, id=41999, stack(0x00007000054d4000,0x00007000055d4000)]
  0x00007fdf64008800 JavaThread "process reaper" daemon [_thread_in_native, id=85803, stack(0x0000700003d65000,0x0000700003d89000)]
  0x00007fdf619c0600 JavaThread "Exec process Thread 2" [_thread_blocked, id=40711, stack(0x0000700005be9000,0x0000700005ce9000)]
  0x00007fdf6181fc00 JavaThread "Exec process Thread 3" [_thread_blocked, id=34839, stack(0x0000700005ef2000,0x0000700005ff2000)]
  0x00007fdf66bff600 JavaThread "Worker-6: Initialize workspace" [_thread_blocked, id=82955, stack(0x0000700005148000,0x0000700005248000)]
  0x00007fdf60144e00 JavaThread "Worker-7" [_thread_blocked, id=14607, stack(0x0000700005ff5000,0x00007000060f5000)]
  0x00007fdf6106aa00 JavaThread "ForkJoinPool.commonPool-worker-1" daemon [_thread_blocked, id=81679, stack(0x00007000060f8000,0x00007000061f8000)]
  0x00007fdf639a9e00 JavaThread "Worker-8" [_thread_blocked, id=48391, stack(0x00007000061fb000,0x00007000062fb000)]
  0x00007fdf64810e00 JavaThread "Compiler Processing Task" daemon [_thread_in_vm, id=80903, stack(0x00007000062fe000,0x00007000063fe000)]

Other Threads:
  0x00007fdf60907420 VMThread "VM Thread" [stack: 0x00007000039d9000,0x0000700003ad9000] [id=18691]
  0x00007fdf63409130 WatcherThread [stack: 0x0000700004600000,0x0000700004700000] [id=23811]
  0x00007fdf60905c20 GCTaskThread "GC Thread#0" [stack: 0x00007000038d6000,0x00007000039d6000] [id=20483]
  0x00007fdf6340e730 GCTaskThread "GC Thread#1" [stack: 0x000070000472a000,0x000070000482a000] [id=24323]
  0x00007fdf5ff0ea40 GCTaskThread "GC Thread#2" [stack: 0x000070000482d000,0x000070000492d000] [id=41731]
  0x00007fdf5ff0efe0 GCTaskThread "GC Thread#3" [stack: 0x0000700004930000,0x0000700004a30000] [id=24835]
  0x00007fdf5ff0f840 GCTaskThread "GC Thread#4" [stack: 0x0000700004a33000,0x0000700004b33000] [id=25091]
  0x00007fdf60b101d0 GCTaskThread "GC Thread#5" [stack: 0x0000700004b36000,0x0000700004c36000] [id=25603]

Threads with active compile tasks:
C2 CompilerThread0   443349 7840       4       jdk.internal.jrtfs.JrtPath::getFileName (78 bytes)

VM state: not at safepoint (normal execution)

VM Mutex/Monitor currently owned by a thread:  ([mutex/lock_event])
[0x0000600002fcc280] CompiledIC_lock - owner thread: 0x00007fdf6400b400

Heap address: 0x00000007c0000000, size: 1024 MB, Compressed Oops mode: Zero based, Oop shift amount: 3

CDS archive(s) not mapped
Compressed class space mapped at: 0x0000000800000000-0x0000000840000000, reserved size: 1073741824
Narrow klass base: 0x0000000800000000, Narrow klass shift: 0, Narrow klass range: 0x40000000

GC Precious Log:
 CPUs: 6 total, 6 available
 Memory: 16384M
 Large Page Support: Disabled
 NUMA Support: Disabled
 Compressed Oops: Enabled (Zero based)
 Alignments: Space 512K, Generation 512K, Heap 2M
 Heap Min Capacity: 100M
 Heap Initial Capacity: 100M
 Heap Max Capacity: 1G
 Pre-touch: Disabled
 Parallel Workers: 6

Heap:
 PSYoungGen      total 18432K, used 16371K [0x00000007eab00000, 0x00000007ec100000, 0x0000000800000000)
  eden space 16384K, 99% used [0x00000007eab00000,0x00000007ebafccd0,0x00000007ebb00000)
  from space 2048K, 0% used [0x00000007ebf00000,0x00000007ebf00000,0x00000007ec100000)
  to   space 3072K, 0% used [0x00000007ebb00000,0x00000007ebb00000,0x00000007ebe00000)
 ParOldGen       total 101888K, used 69886K [0x00000007c0000000, 0x00000007c6380000, 0x00000007eab00000)
  object space 101888K, 68% used [0x00000007c0000000,0x00000007c443fa00,0x00000007c6380000)
 Metaspace       used 64138K, committed 65152K, reserved 1114112K
  class space    used 7396K, committed 7872K, reserved 1048576K

Card table byte_map: [0x00000001080eb000,0x00000001082ec000] _byte_map_base: 0x00000001042eb000

Marking Bits: (ParMarkBitMap*) 0x0000000109ceef10
 Begin Bits: [0x000000010ccc0000, 0x000000010dcc0000)
 End Bits:   [0x000000010dcc0000, 0x000000010ecc0000)

Polling page: 0x0000000107e1f000

Metaspace:

Usage:
  Non-class:     55.41 MB used.
      Class:      7.22 MB used.
       Both:     62.64 MB used.

Virtual space:
  Non-class space:       64.00 MB reserved,      55.94 MB ( 87%) committed,  8 nodes.
      Class space:        1.00 GB reserved,       7.69 MB ( <1%) committed,  1 nodes.
             Both:        1.06 GB reserved,      63.62 MB (  6%) committed. 

Chunk freelists:
   Non-Class:  3.94 MB
       Class:  376.00 KB
        Both:  4.30 MB

MaxMetaspaceSize: unlimited
CompressedClassSpaceSize: 1.00 GB
Initial GC threshold: 21.00 MB
Current GC threshold: 103.38 MB
CDS: off
MetaspaceReclaimPolicy: balanced
 - commit_granule_bytes: 65536.
 - commit_granule_words: 8192.
 - virtual_space_node_default_size: 1048576.
 - enlarge_chunks_in_place: 1.
 - new_chunks_are_fully_committed: 0.
 - uncommit_free_chunks: 1.
 - use_allocation_guard: 0.
 - handle_deallocations: 1.


Internal statistics:

num_allocs_failed_limit: 9.
num_arena_births: 516.
num_arena_deaths: 14.
num_vsnodes_births: 9.
num_vsnodes_deaths: 0.
num_space_committed: 1018.
num_space_uncommitted: 0.
num_chunks_returned_to_freelist: 23.
num_chunks_taken_from_freelist: 2862.
num_chunk_merges: 13.
num_chunk_splits: 1945.
num_chunks_enlarged: 1311.
num_purges: 2.
num_inconsistent_stats: 0.

CodeHeap 'non-profiled nmethods': size=120032Kb used=4385Kb max_used=4385Kb free=115646Kb
 bounds [0x000000011bc77000, 0x000000011c0c7000, 0x00000001231af000]
CodeHeap 'profiled nmethods': size=120028Kb used=14744Kb max_used=14757Kb free=105283Kb
 bounds [0x0000000114740000, 0x00000001155c0000, 0x000000011bc77000]
CodeHeap 'non-nmethods': size=5700Kb used=1324Kb max_used=1389Kb free=4375Kb
 bounds [0x00000001141af000, 0x000000011441f000, 0x0000000114740000]
 total_blobs=8256 nmethods=7595 adapters=575
 compilation: enabled
              stopped_count=0, restarted_count=0
 full_count=0

Compilation events (20 events):
Event: 443.329 Thread 0x00007fdf64808200 nmethod 8538 0x00000001155a3e10 code [0x00000001155a4020, 0x00000001155a4680]
Event: 443.329 Thread 0x00007fdf64808200 8540       3       jdk.internal.jimage.BasicImageReader::getLocationIndex (45 bytes)
Event: 443.329 Thread 0x00007fdf64808200 nmethod 8540 0x00000001155a4c10 code [0x00000001155a4e00, 0x00000001155a52a0]
Event: 443.329 Thread 0x00007fdf64808200 8541       3       jdk.internal.jimage.BasicImageReader::findLocation (52 bytes)
Event: 443.329 Thread 0x00007fdf64808200 nmethod 8541 0x00000001155a5510 code [0x00000001155a5780, 0x00000001155a6200]
Event: 443.329 Thread 0x00007fdf64808200 8528       2       lombok.core.AST::fieldsOf (69 bytes)
Event: 443.330 Thread 0x00007fdf64808200 nmethod 8528 0x00000001155a6590 code [0x00000001155a6780, 0x00000001155a6b80]
Event: 443.330 Thread 0x00007fdf64808200 8532       2       lombok.eclipse.EclipseAST::buildTree (183 bytes)
Event: 443.330 Thread 0x00007fdf64808200 nmethod 8532 0x00000001155a6d90 code [0x00000001155a7080, 0x00000001155a79d0]
Event: 443.330 Thread 0x00007fdf64808200 8533   !   2       lombok.eclipse.EclipseAST::$SWITCH_TABLE$lombok$core$AST$Kind (157 bytes)
Event: 443.330 Thread 0x00007fdf64808200 nmethod 8533 0x00000001155a7e90 code [0x00000001155a8080, 0x00000001155a85a0]
Event: 443.332 Thread 0x00007fdf64808200 8542       2       org.eclipse.jdt.core.compiler.CharOperation::toString (16 bytes)
Event: 443.332 Thread 0x00007fdf64808200 nmethod 8542 0x00000001155a8b90 code [0x00000001155a8d40, 0x00000001155a8ed0]
Event: 443.332 Thread 0x00007fdf64808200 8543       1       org.eclipse.jdt.internal.compiler.classfmt.AnnotationInfo::getTypeName (5 bytes)
Event: 443.332 Thread 0x00007fdf64808200 nmethod 8543 0x000000011c0bb510 code [0x000000011c0bb6a0, 0x000000011c0bb770]
Event: 443.333 Thread 0x00007fdf64808200 8544       2       org.eclipse.jdt.internal.compiler.util.SimpleLookupTable::put (104 bytes)
Event: 443.333 Thread 0x00007fdf64808200 nmethod 8544 0x00000001155a8f90 code [0x00000001155a9180, 0x00000001155a9680]
Event: 443.333 Thread 0x00007fdf64808200 8545       3       org.eclipse.jdt.internal.compiler.lookup.BinaryTypeBinding::createMethod (1719 bytes)
Event: 443.338 Thread 0x00007fdf64808200 nmethod 8545 0x00000001155a9990 code [0x00000001155aa2c0, 0x00000001155b1eb0]
Event: 443.338 Thread 0x00007fdf64808200 8550       2       org.eclipse.jdt.internal.compiler.lookup.BinaryTypeBinding::scanMethodForNullAnnotation (951 bytes)

GC Heap History (20 events):
Event: 442.620 GC heap before
{Heap before GC invocations=54 (full 2):
 PSYoungGen      total 18944K, used 18592K [0x00000007eab00000, 0x00000007ec000000, 0x0000000800000000)
  eden space 16896K, 100% used [0x00000007eab00000,0x00000007ebb80000,0x00000007ebb80000)
  from space 2048K, 82% used [0x00000007ebb80000,0x00000007ebd28000,0x00000007ebd80000)
  to   space 2048K, 0% used [0x00000007ebe00000,0x00000007ebe00000,0x00000007ec000000)
 ParOldGen       total 68608K, used 55290K [0x00000007c0000000, 0x00000007c4300000, 0x00000007eab00000)
  object space 68608K, 80% used [0x00000007c0000000,0x00000007c35fe9e0,0x00000007c4300000)
 Metaspace       used 57844K, committed 58816K, reserved 1105920K
  class space    used 6743K, committed 7168K, reserved 1048576K
}
Event: 442.623 GC heap after
{Heap after GC invocations=54 (full 2):
 PSYoungGen      total 18432K, used 1312K [0x00000007eab00000, 0x00000007ebf80000, 0x0000000800000000)
  eden space 16896K, 0% used [0x00000007eab00000,0x00000007eab00000,0x00000007ebb80000)
  from space 1536K, 85% used [0x00000007ebe00000,0x00000007ebf48000,0x00000007ebf80000)
  to   space 1536K, 0% used [0x00000007ebc80000,0x00000007ebc80000,0x00000007ebe00000)
 ParOldGen       total 68608K, used 56914K [0x00000007c0000000, 0x00000007c4300000, 0x00000007eab00000)
  object space 68608K, 82% used [0x00000007c0000000,0x00000007c37949e0,0x00000007c4300000)
 Metaspace       used 57844K, committed 58816K, reserved 1105920K
  class space    used 6743K, committed 7168K, reserved 1048576K
}
Event: 442.678 GC heap before
{Heap before GC invocations=55 (full 2):
 PSYoungGen      total 18432K, used 16935K [0x00000007eab00000, 0x00000007ebf80000, 0x0000000800000000)
  eden space 16896K, 92% used [0x00000007eab00000,0x00000007eba41e10,0x00000007ebb80000)
  from space 1536K, 85% used [0x00000007ebe00000,0x00000007ebf48000,0x00000007ebf80000)
  to   space 1536K, 0% used [0x00000007ebc80000,0x00000007ebc80000,0x00000007ebe00000)
 ParOldGen       total 68608K, used 56914K [0x00000007c0000000, 0x00000007c4300000, 0x00000007eab00000)
  object space 68608K, 82% used [0x00000007c0000000,0x00000007c37949e0,0x00000007c4300000)
 Metaspace       used 58791K, committed 59776K, reserved 1105920K
  class space    used 6808K, committed 7296K, reserved 1048576K
}
Event: 442.679 GC heap after
{Heap after GC invocations=55 (full 2):
 PSYoungGen      total 17920K, used 784K [0x00000007eab00000, 0x00000007ebe80000, 0x0000000800000000)
  eden space 16896K, 0% used [0x00000007eab00000,0x00000007eab00000,0x00000007ebb80000)
  from space 1024K, 76% used [0x00000007ebc80000,0x00000007ebd44010,0x00000007ebd80000)
  to   space 1024K, 0% used [0x00000007ebd80000,0x00000007ebd80000,0x00000007ebe80000)
 ParOldGen       total 68608K, used 58154K [0x00000007c0000000, 0x00000007c4300000, 0x00000007eab00000)
  object space 68608K, 84% used [0x00000007c0000000,0x00000007c38ca9e0,0x00000007c4300000)
 Metaspace       used 58791K, committed 59776K, reserved 1105920K
  class space    used 6808K, committed 7296K, reserved 1048576K
}
Event: 442.679 GC heap before
{Heap before GC invocations=56 (full 3):
 PSYoungGen      total 17920K, used 784K [0x00000007eab00000, 0x00000007ebe80000, 0x0000000800000000)
  eden space 16896K, 0% used [0x00000007eab00000,0x00000007eab00000,0x00000007ebb80000)
  from space 1024K, 76% used [0x00000007ebc80000,0x00000007ebd44010,0x00000007ebd80000)
  to   space 1024K, 0% used [0x00000007ebd80000,0x00000007ebd80000,0x00000007ebe80000)
 ParOldGen       total 68608K, used 58154K [0x00000007c0000000, 0x00000007c4300000, 0x00000007eab00000)
  object space 68608K, 84% used [0x00000007c0000000,0x00000007c38ca9e0,0x00000007c4300000)
 Metaspace       used 58791K, committed 59776K, reserved 1105920K
  class space    used 6808K, committed 7296K, reserved 1048576K
}
Event: 442.729 GC heap after
{Heap after GC invocations=56 (full 3):
 PSYoungGen      total 17920K, used 0K [0x00000007eab00000, 0x00000007ebe80000, 0x0000000800000000)
  eden space 16896K, 0% used [0x00000007eab00000,0x00000007eab00000,0x00000007ebb80000)
  from space 1024K, 0% used [0x00000007ebc80000,0x00000007ebc80000,0x00000007ebd80000)
  to   space 1024K, 0% used [0x00000007ebd80000,0x00000007ebd80000,0x00000007ebe80000)
 ParOldGen       total 68608K, used 55856K [0x00000007c0000000, 0x00000007c4300000, 0x00000007eab00000)
  object space 68608K, 81% used [0x00000007c0000000,0x00000007c368c1f8,0x00000007c4300000)
 Metaspace       used 58791K, committed 59776K, reserved 1105920K
  class space    used 6808K, committed 7296K, reserved 1048576K
}
Event: 442.799 GC heap before
{Heap before GC invocations=57 (full 3):
 PSYoungGen      total 17920K, used 16896K [0x00000007eab00000, 0x00000007ebe80000, 0x0000000800000000)
  eden space 16896K, 100% used [0x00000007eab00000,0x00000007ebb80000,0x00000007ebb80000)
  from space 1024K, 0% used [0x00000007ebc80000,0x00000007ebc80000,0x00000007ebd80000)
  to   space 1024K, 0% used [0x00000007ebd80000,0x00000007ebd80000,0x00000007ebe80000)
 ParOldGen       total 68608K, used 55856K [0x00000007c0000000, 0x00000007c4300000, 0x00000007eab00000)
  object space 68608K, 81% used [0x00000007c0000000,0x00000007c368c1f8,0x00000007c4300000)
 Metaspace       used 59757K, committed 60672K, reserved 1105920K
  class space    used 6933K, committed 7360K, reserved 1048576K
}
Event: 442.800 GC heap after
{Heap after GC invocations=57 (full 3):
 PSYoungGen      total 17920K, used 550K [0x00000007eab00000, 0x00000007ebe80000, 0x0000000800000000)
  eden space 16896K, 0% used [0x00000007eab00000,0x00000007eab00000,0x00000007ebb80000)
  from space 1024K, 53% used [0x00000007ebd80000,0x00000007ebe09ab0,0x00000007ebe80000)
  to   space 1024K, 0% used [0x00000007ebc80000,0x00000007ebc80000,0x00000007ebd80000)
 ParOldGen       total 68608K, used 55856K [0x00000007c0000000, 0x00000007c4300000, 0x00000007eab00000)
  object space 68608K, 81% used [0x00000007c0000000,0x00000007c368c1f8,0x00000007c4300000)
 Metaspace       used 59757K, committed 60672K, reserved 1105920K
  class space    used 6933K, committed 7360K, reserved 1048576K
}
Event: 442.910 GC heap before
{Heap before GC invocations=58 (full 3):
 PSYoungGen      total 17920K, used 17446K [0x00000007eab00000, 0x00000007ebe80000, 0x0000000800000000)
  eden space 16896K, 99% used [0x00000007eab00000,0x00000007ebb7fe10,0x00000007ebb80000)
  from space 1024K, 53% used [0x00000007ebd80000,0x00000007ebe09ab0,0x00000007ebe80000)
  to   space 1024K, 0% used [0x00000007ebc80000,0x00000007ebc80000,0x00000007ebd80000)
 ParOldGen       total 68608K, used 55856K [0x00000007c0000000, 0x00000007c4300000, 0x00000007eab00000)
  object space 68608K, 81% used [0x00000007c0000000,0x00000007c368c1f8,0x00000007c4300000)
 Metaspace       used 60829K, committed 61824K, reserved 1105920K
  class space    used 7054K, committed 7488K, reserved 1048576K
}
Event: 442.923 GC heap after
{Heap after GC invocations=58 (full 3):
 PSYoungGen      total 17408K, used 480K [0x00000007eab00000, 0x00000007ebe00000, 0x0000000800000000)
  eden space 16896K, 0% used [0x00000007eab00000,0x00000007eab00000,0x00000007ebb80000)
  from space 512K, 93% used [0x00000007ebc80000,0x00000007ebcf8020,0x00000007ebd00000)
  to   space 1024K, 0% used [0x00000007ebd00000,0x00000007ebd00000,0x00000007ebe00000)
 ParOldGen       total 68608K, used 56342K [0x00000007c0000000, 0x00000007c4300000, 0x00000007eab00000)
  object space 68608K, 82% used [0x00000007c0000000,0x00000007c3705a20,0x00000007c4300000)
 Metaspace       used 60829K, committed 61824K, reserved 1105920K
  class space    used 7054K, committed 7488K, reserved 1048576K
}
Event: 443.020 GC heap before
{Heap before GC invocations=59 (full 3):
 PSYoungGen      total 17408K, used 17143K [0x00000007eab00000, 0x00000007ebe00000, 0x0000000800000000)
  eden space 16896K, 98% used [0x00000007eab00000,0x00000007ebb45bf8,0x00000007ebb80000)
  from space 512K, 93% used [0x00000007ebc80000,0x00000007ebcf8020,0x00000007ebd00000)
  to   space 1024K, 0% used [0x00000007ebd00000,0x00000007ebd00000,0x00000007ebe00000)
 ParOldGen       total 68608K, used 56342K [0x00000007c0000000, 0x00000007c4300000, 0x00000007eab00000)
  object space 68608K, 82% used [0x00000007c0000000,0x00000007c3705a20,0x00000007c4300000)
 Metaspace       used 62111K, committed 63104K, reserved 1105920K
  class space    used 7178K, committed 7616K, reserved 1048576K
}
Event: 443.020 GC heap after
{Heap after GC invocations=59 (full 3):
 PSYoungGen      total 17408K, used 352K [0x00000007eab00000, 0x00000007ebd80000, 0x0000000800000000)
  eden space 16896K, 0% used [0x00000007eab00000,0x00000007eab00000,0x00000007ebb80000)
  from space 512K, 68% used [0x00000007ebd00000,0x00000007ebd58000,0x00000007ebd80000)
  to   space 512K, 0% used [0x00000007ebc80000,0x00000007ebc80000,0x00000007ebd00000)
 ParOldGen       total 68608K, used 56763K [0x00000007c0000000, 0x00000007c4300000, 0x00000007eab00000)
  object space 68608K, 82% used [0x00000007c0000000,0x00000007c376ec70,0x00000007c4300000)
 Metaspace       used 62111K, committed 63104K, reserved 1105920K
  class space    used 7178K, committed 7616K, reserved 1048576K
}
Event: 443.043 GC heap before
{Heap before GC invocations=60 (full 3):
 PSYoungGen      total 17408K, used 17248K [0x00000007eab00000, 0x00000007ebd80000, 0x0000000800000000)
  eden space 16896K, 100% used [0x00000007eab00000,0x00000007ebb80000,0x00000007ebb80000)
  from space 512K, 68% used [0x00000007ebd00000,0x00000007ebd58000,0x00000007ebd80000)
  to   space 512K, 0% used [0x00000007ebc80000,0x00000007ebc80000,0x00000007ebd00000)
 ParOldGen       total 68608K, used 56763K [0x00000007c0000000, 0x00000007c4300000, 0x00000007eab00000)
  object space 68608K, 82% used [0x00000007c0000000,0x00000007c376ec70,0x00000007c4300000)
 Metaspace       used 62112K, committed 63104K, reserved 1105920K
  class space    used 7178K, committed 7616K, reserved 1048576K
}
Event: 443.044 GC heap after
{Heap after GC invocations=60 (full 3):
 PSYoungGen      total 17408K, used 508K [0x00000007eab00000, 0x00000007ec780000, 0x0000000800000000)
  eden space 16896K, 0% used [0x00000007eab00000,0x00000007eab00000,0x00000007ebb80000)
  from space 512K, 99% used [0x00000007ebc80000,0x00000007ebcff2a0,0x00000007ebd00000)
  to   space 6144K, 0% used [0x00000007ec180000,0x00000007ec180000,0x00000007ec780000)
 ParOldGen       total 68608K, used 61235K [0x00000007c0000000, 0x00000007c4300000, 0x00000007eab00000)
  object space 68608K, 89% used [0x00000007c0000000,0x00000007c3bccec8,0x00000007c4300000)
 Metaspace       used 62112K, committed 63104K, reserved 1105920K
  class space    used 7178K, committed 7616K, reserved 1048576K
}
Event: 443.064 GC heap before
{Heap before GC invocations=61 (full 3):
 PSYoungGen      total 17408K, used 17404K [0x00000007eab00000, 0x00000007ec780000, 0x0000000800000000)
  eden space 16896K, 100% used [0x00000007eab00000,0x00000007ebb80000,0x00000007ebb80000)
  from space 512K, 99% used [0x00000007ebc80000,0x00000007ebcff2a0,0x00000007ebd00000)
  to   space 6144K, 0% used [0x00000007ec180000,0x00000007ec180000,0x00000007ec780000)
 ParOldGen       total 68608K, used 61235K [0x00000007c0000000, 0x00000007c4300000, 0x00000007eab00000)
  object space 68608K, 89% used [0x00000007c0000000,0x00000007c3bccec8,0x00000007c4300000)
 Metaspace       used 62113K, committed 63104K, reserved 1105920K
  class space    used 7178K, committed 7616K, reserved 1048576K
}
Event: 443.067 GC heap after
{Heap after GC invocations=61 (full 3):
 PSYoungGen      total 22528K, used 6107K [0x00000007eab00000, 0x00000007ec880000, 0x0000000800000000)
  eden space 16384K, 0% used [0x00000007eab00000,0x00000007eab00000,0x00000007ebb00000)
  from space 6144K, 99% used [0x00000007ec180000,0x00000007ec776dc8,0x00000007ec780000)
  to   space 6656K, 0% used [0x00000007ebb00000,0x00000007ebb00000,0x00000007ec180000)
 ParOldGen       total 68608K, used 63646K [0x00000007c0000000, 0x00000007c4300000, 0x00000007eab00000)
  object space 68608K, 92% used [0x00000007c0000000,0x00000007c3e27890,0x00000007c4300000)
 Metaspace       used 62113K, committed 63104K, reserved 1105920K
  class space    used 7178K, committed 7616K, reserved 1048576K
}
Event: 443.118 GC heap before
{Heap before GC invocations=62 (full 3):
 PSYoungGen      total 22528K, used 22491K [0x00000007eab00000, 0x00000007ec880000, 0x0000000800000000)
  eden space 16384K, 100% used [0x00000007eab00000,0x00000007ebb00000,0x00000007ebb00000)
  from space 6144K, 99% used [0x00000007ec180000,0x00000007ec776dc8,0x00000007ec780000)
  to   space 6656K, 0% used [0x00000007ebb00000,0x00000007ebb00000,0x00000007ec180000)
 ParOldGen       total 68608K, used 63646K [0x00000007c0000000, 0x00000007c4300000, 0x00000007eab00000)
  object space 68608K, 92% used [0x00000007c0000000,0x00000007c3e27890,0x00000007c4300000)
 Metaspace       used 62441K, committed 63488K, reserved 1105920K
  class space    used 7205K, committed 7680K, reserved 1048576K
}
Event: 443.122 GC heap after
{Heap after GC invocations=62 (full 3):
 PSYoungGen      total 17408K, used 608K [0x00000007eab00000, 0x00000007ec200000, 0x0000000800000000)
  eden space 16384K, 0% used [0x00000007eab00000,0x00000007eab00000,0x00000007ebb00000)
  from space 1024K, 59% used [0x00000007ebb00000,0x00000007ebb98000,0x00000007ebc00000)
  to   space 3072K, 0% used [0x00000007ebf00000,0x00000007ebf00000,0x00000007ec200000)
 ParOldGen       total 73728K, used 69667K [0x00000007c0000000, 0x00000007c4800000, 0x00000007eab00000)
  object space 73728K, 94% used [0x00000007c0000000,0x00000007c4408e78,0x00000007c4800000)
 Metaspace       used 62441K, committed 63488K, reserved 1105920K
  class space    used 7205K, committed 7680K, reserved 1048576K
}
Event: 443.122 GC heap before
{Heap before GC invocations=63 (full 4):
 PSYoungGen      total 17408K, used 608K [0x00000007eab00000, 0x00000007ec200000, 0x0000000800000000)
  eden space 16384K, 0% used [0x00000007eab00000,0x00000007eab00000,0x00000007ebb00000)
  from space 1024K, 59% used [0x00000007ebb00000,0x00000007ebb98000,0x00000007ebc00000)
  to   space 3072K, 0% used [0x00000007ebf00000,0x00000007ebf00000,0x00000007ec200000)
 ParOldGen       total 73728K, used 69667K [0x00000007c0000000, 0x00000007c4800000, 0x00000007eab00000)
  object space 73728K, 94% used [0x00000007c0000000,0x00000007c4408e78,0x00000007c4800000)
 Metaspace       used 62441K, committed 63488K, reserved 1105920K
  class space    used 7205K, committed 7680K, reserved 1048576K
}
Event: 443.159 GC heap after
{Heap after GC invocations=63 (full 4):
 PSYoungGen      total 18432K, used 0K [0x00000007eab00000, 0x00000007ec100000, 0x0000000800000000)
  eden space 16384K, 0% used [0x00000007eab00000,0x00000007eab00000,0x00000007ebb00000)
  from space 2048K, 0% used [0x00000007ebf00000,0x00000007ebf00000,0x00000007ec100000)
  to   space 3072K, 0% used [0x00000007ebb00000,0x00000007ebb00000,0x00000007ebe00000)
 ParOldGen       total 101888K, used 69886K [0x00000007c0000000, 0x00000007c6380000, 0x00000007eab00000)
  object space 101888K, 68% used [0x00000007c0000000,0x00000007c443fa00,0x00000007c6380000)
 Metaspace       used 62441K, committed 63488K, reserved 1105920K
  class space    used 7205K, committed 7680K, reserved 1048576K
}

Dll operation events (20 events):
Event: 1.854 Loading shared library /Users/mac/Documents/RPDev/MoneyManager/libunixfile_1_0_0.dylib failed, dlopen(/Users/mac/Documents/RPDev/MoneyManager/libunixfile_1_0_0.dylib, 0x0001): tried: '/Users/mac/Documents/RPDev/MoneyManager/libunixfile_1_0_0.dylib' (no su
Event: 1.855 Loading shared library /Users/mac/Documents/RPDev/MoneyManager/libunixfile_1_0_0.jnilib failed, dlopen(/Users/mac/Documents/RPDev/MoneyManager/libunixfile_1_0_0.jnilib, 0x0001): tried: '/Users/mac/Documents/RPDev/MoneyManager/libunixfile_1_0_0.jnilib' (no
Event: 1.859 Loading shared library /Users/mac/.vscode/extensions/redhat.java-1.14.0-darwin-x64/jre/17.0.5-macosx-x86_64/lib/liblocalfile_1_0_0.dylib failed, dlopen(/Users/mac/.vscode/extensions/redhat.java-1.14.0-darwin-x64/jre/17.0.5-macosx-x86_64/lib/liblocalfile_1
Event: 1.860 Loading shared library /Users/mac/.vscode/extensions/redhat.java-1.14.0-darwin-x64/jre/17.0.5-macosx-x86_64/lib/liblocalfile_1_0_0.jnilib failed, dlopen(/Users/mac/.vscode/extensions/redhat.java-1.14.0-darwin-x64/jre/17.0.5-macosx-x86_64/lib/liblocalfile_
Event: 1.860 Loading shared library /Users/mac/Library/Java/Extensions/liblocalfile_1_0_0.dylib failed, dlopen(/Users/mac/Library/Java/Extensions/liblocalfile_1_0_0.dylib, 0x0001): tried: '/Users/mac/Library/Java/Extensions/liblocalfile_1_0_0.dylib' (no such file), '/
Event: 1.860 Loading shared library /Users/mac/Library/Java/Extensions/liblocalfile_1_0_0.jnilib failed, dlopen(/Users/mac/Library/Java/Extensions/liblocalfile_1_0_0.jnilib, 0x0001): tried: '/Users/mac/Library/Java/Extensions/liblocalfile_1_0_0.jnilib' (no such file),
Event: 1.860 Loading shared library /Library/Java/Extensions/liblocalfile_1_0_0.dylib failed, dlopen(/Library/Java/Extensions/liblocalfile_1_0_0.dylib, 0x0001): tried: '/Library/Java/Extensions/liblocalfile_1_0_0.dylib' (no such file), '/usr/local/lib/liblocalfile_1_0
Event: 1.860 Loading shared library /Library/Java/Extensions/liblocalfile_1_0_0.jnilib failed, dlopen(/Library/Java/Extensions/liblocalfile_1_0_0.jnilib, 0x0001): tried: '/Library/Java/Extensions/liblocalfile_1_0_0.jnilib' (no such file), '/usr/local/lib/liblocalfile_
Event: 1.860 Loading shared library /Network/Library/Java/Extensions/liblocalfile_1_0_0.dylib failed, dlopen(/Network/Library/Java/Extensions/liblocalfile_1_0_0.dylib, 0x0001): tried: '/Network/Library/Java/Extensions/liblocalfile_1_0_0.dylib' (no such file), '/usr/lo
Event: 1.861 Loading shared library /Network/Library/Java/Extensions/liblocalfile_1_0_0.jnilib failed, dlopen(/Network/Library/Java/Extensions/liblocalfile_1_0_0.jnilib, 0x0001): tried: '/Network/Library/Java/Extensions/liblocalfile_1_0_0.jnilib' (no such file), '/usr
Event: 1.861 Loading shared library /System/Library/Java/Extensions/liblocalfile_1_0_0.dylib failed, dlopen(/System/Library/Java/Extensions/liblocalfile_1_0_0.dylib, 0x0001): tried: '/System/Library/Java/Extensions/liblocalfile_1_0_0.dylib' (no such file), '/usr/local
Event: 1.861 Loading shared library /System/Library/Java/Extensions/liblocalfile_1_0_0.jnilib failed, dlopen(/System/Library/Java/Extensions/liblocalfile_1_0_0.jnilib, 0x0001): tried: '/System/Library/Java/Extensions/liblocalfile_1_0_0.jnilib' (no such file), '/usr/lo
Event: 1.861 Loading shared library /usr/lib/java/liblocalfile_1_0_0.dylib failed, dlopen(/usr/lib/java/liblocalfile_1_0_0.dylib, 0x0001): tried: '/usr/lib/java/liblocalfile_1_0_0.dylib' (no such file), '/usr/local/lib/liblocalfile_1_0_0.dylib' (no such file), '/usr/l
Event: 1.862 Loading shared library /usr/lib/java/liblocalfile_1_0_0.jnilib failed, dlopen(/usr/lib/java/liblocalfile_1_0_0.jnilib, 0x0001): tried: '/usr/lib/java/liblocalfile_1_0_0.jnilib' (no such file), '/usr/local/lib/liblocalfile_1_0_0.jnilib' (no such file), '/u
Event: 1.862 Loading shared library /Users/mac/Documents/RPDev/MoneyManager/liblocalfile_1_0_0.dylib failed, dlopen(/Users/mac/Documents/RPDev/MoneyManager/liblocalfile_1_0_0.dylib, 0x0001): tried: '/Users/mac/Documents/RPDev/MoneyManager/liblocalfile_1_0_0.dylib' (no
Event: 1.862 Loading shared library /Users/mac/Documents/RPDev/MoneyManager/liblocalfile_1_0_0.jnilib failed, dlopen(/Users/mac/Documents/RPDev/MoneyManager/liblocalfile_1_0_0.jnilib, 0x0001): tried: '/Users/mac/Documents/RPDev/MoneyManager/liblocalfile_1_0_0.jnilib' 
Event: 32.754 Loaded shared library /Users/mac/.vscode/extensions/redhat.java-1.14.0-darwin-x64/jre/17.0.5-macosx-x86_64/lib/libmanagement.dylib
Event: 32.756 Loaded shared library /Users/mac/.vscode/extensions/redhat.java-1.14.0-darwin-x64/jre/17.0.5-macosx-x86_64/lib/libmanagement_ext.dylib
Event: 424.482 Loaded shared library /Users/mac/.gradle/native/e1d6ef7f7dcc3fd88c89a11ec53ec762bb8ba0a96d01ffa2cd45eb1d1d8dd5c5/osx-amd64/libnative-platform.dylib
Event: 425.040 Loaded shared library /Users/mac/.vscode/extensions/redhat.java-1.14.0-darwin-x64/jre/17.0.5-macosx-x86_64/lib/libextnet.dylib

Deoptimization events (20 events):
Event: 443.246 Thread 0x00007fdf64810e00 DEOPT PACKING pc=0x00000001154fdd73 sp=0x00007000063fcb50
Event: 443.246 Thread 0x00007fdf64810e00 DEOPT UNPACKING pc=0x000000011420152f sp=0x00007000063fbff8 mode 0
Event: 443.248 Thread 0x00007fdf64810e00 DEOPT PACKING pc=0x000000011550126e sp=0x00007000063fcc90
Event: 443.248 Thread 0x00007fdf64810e00 DEOPT UNPACKING pc=0x000000011420152f sp=0x00007000063fc140 mode 0
Event: 443.283 Thread 0x00007fdf64810e00 DEOPT PACKING pc=0x0000000115543397 sp=0x00007000063fc0b0
Event: 443.283 Thread 0x00007fdf64810e00 DEOPT UNPACKING pc=0x000000011420152f sp=0x00007000063fb508 mode 0
Event: 443.290 Thread 0x00007fdf64810e00 DEOPT PACKING pc=0x00000001149a1828 sp=0x00007000063fc580
Event: 443.290 Thread 0x00007fdf64810e00 DEOPT UNPACKING pc=0x000000011420152f sp=0x00007000063fbac8 mode 0
Event: 443.308 Thread 0x00007fdf64810e00 Uncommon trap: trap_request=0xffffffc6 fr.pc=0x000000011bf8e384 relative=0x00000000000005a4
Event: 443.308 Thread 0x00007fdf64810e00 Uncommon trap: reason=bimorphic_or_optimized_type_check action=maybe_recompile pc=0x000000011bf8e384 method=java.util.HashMap.removeNode(ILjava/lang/Object;Ljava/lang/Object;ZZ)Ljava/util/HashMap$Node; @ 143 c2
Event: 443.308 Thread 0x00007fdf64810e00 DEOPT PACKING pc=0x000000011bf8e384 sp=0x00007000063fd360
Event: 443.308 Thread 0x00007fdf64810e00 DEOPT UNPACKING pc=0x0000000114200d99 sp=0x00007000063fd2f8 mode 2
Event: 443.310 Thread 0x00007fdf64810e00 Uncommon trap: trap_request=0xffffffc6 fr.pc=0x000000011bf8e384 relative=0x00000000000005a4
Event: 443.310 Thread 0x00007fdf64810e00 Uncommon trap: reason=bimorphic_or_optimized_type_check action=maybe_recompile pc=0x000000011bf8e384 method=java.util.HashMap.removeNode(ILjava/lang/Object;Ljava/lang/Object;ZZ)Ljava/util/HashMap$Node; @ 143 c2
Event: 443.310 Thread 0x00007fdf64810e00 DEOPT PACKING pc=0x000000011bf8e384 sp=0x00007000063fd110
Event: 443.310 Thread 0x00007fdf64810e00 DEOPT UNPACKING pc=0x0000000114200d99 sp=0x00007000063fd0a8 mode 2
Event: 443.321 Thread 0x00007fdf64810e00 Uncommon trap: trap_request=0xffffffc6 fr.pc=0x000000011bf75918 relative=0x0000000000000518
Event: 443.321 Thread 0x00007fdf64810e00 Uncommon trap: reason=bimorphic_or_optimized_type_check action=maybe_recompile pc=0x000000011bf75918 method=java.util.ArrayList$ArrayListSpliterator.forEachRemaining(Ljava/util/function/Consumer;)V @ 95 c2
Event: 443.321 Thread 0x00007fdf64810e00 DEOPT PACKING pc=0x000000011bf75918 sp=0x00007000063f7cd0
Event: 443.321 Thread 0x00007fdf64810e00 DEOPT UNPACKING pc=0x0000000114200d99 sp=0x00007000063f7c80 mode 2

Classes unloaded (7 events):
Event: 1.790 Thread 0x00007fdf60907420 Unloading class 0x0000000800242400 'java/lang/invoke/LambdaForm$MH+0x0000000800242400'
Event: 1.790 Thread 0x00007fdf60907420 Unloading class 0x0000000800242000 'java/lang/invoke/LambdaForm$MH+0x0000000800242000'
Event: 1.790 Thread 0x00007fdf60907420 Unloading class 0x0000000800241c00 'java/lang/invoke/LambdaForm$MH+0x0000000800241c00'
Event: 1.790 Thread 0x00007fdf60907420 Unloading class 0x0000000800241800 'java/lang/invoke/LambdaForm$MH+0x0000000800241800'
Event: 1.790 Thread 0x00007fdf60907420 Unloading class 0x0000000800241000 'java/lang/invoke/LambdaForm$BMH+0x0000000800241000'
Event: 1.790 Thread 0x00007fdf60907420 Unloading class 0x0000000800240c00 'java/lang/invoke/LambdaForm$DMH+0x0000000800240c00'
Event: 1.790 Thread 0x00007fdf60907420 Unloading class 0x000000080023e000 'java/lang/invoke/LambdaForm$DMH+0x000000080023e000'

Classes redefined (0 events):
No events

Internal exceptions (20 events):
Event: 443.323 Thread 0x00007fdf64810e00 Exception <a 'java/lang/NullPointerException'{0x00000007eb854b80}> (0x00000007eb854b80) 
thrown [src/hotspot/share/interpreter/linkResolver.cpp, line 1350]
Event: 443.323 Thread 0x00007fdf64810e00 Exception <a 'java/lang/NullPointerException'{0x00000007eb855118}> (0x00000007eb855118) 
thrown [src/hotspot/share/interpreter/linkResolver.cpp, line 1350]
Event: 443.323 Thread 0x00007fdf64810e00 Exception <a 'java/lang/NullPointerException'{0x00000007eb855ab0}> (0x00000007eb855ab0) 
thrown [src/hotspot/share/interpreter/linkResolver.cpp, line 1350]
Event: 443.323 Thread 0x00007fdf64810e00 Exception <a 'java/lang/NullPointerException'{0x00000007eb8565e8}> (0x00000007eb8565e8) 
thrown [src/hotspot/share/interpreter/linkResolver.cpp, line 1350]
Event: 443.324 Thread 0x00007fdf64810e00 Exception <a 'java/lang/NullPointerException'{0x00000007eb856cb0}> (0x00000007eb856cb0) 
thrown [src/hotspot/share/interpreter/linkResolver.cpp, line 1350]
Event: 443.324 Thread 0x00007fdf64810e00 Exception <a 'java/lang/NullPointerException'{0x00000007eb857340}> (0x00000007eb857340) 
thrown [src/hotspot/share/interpreter/linkResolver.cpp, line 1350]
Event: 443.324 Thread 0x00007fdf64810e00 Exception <a 'java/lang/NullPointerException'{0x00000007eb85e450}> (0x00000007eb85e450) 
thrown [src/hotspot/share/interpreter/linkResolver.cpp, line 1350]
Event: 443.324 Thread 0x00007fdf64810e00 Exception <a 'java/lang/NullPointerException'{0x00000007eb85e920}> (0x00000007eb85e920) 
thrown [src/hotspot/share/interpreter/linkResolver.cpp, line 1350]
Event: 443.324 Thread 0x00007fdf64810e00 Exception <a 'java/lang/NullPointerException'{0x00000007eb85eeb8}> (0x00000007eb85eeb8) 
thrown [src/hotspot/share/interpreter/linkResolver.cpp, line 1350]
Event: 443.324 Thread 0x00007fdf64810e00 Exception <a 'java/lang/NullPointerException'{0x00000007eb8901a0}> (0x00000007eb8901a0) 
thrown [src/hotspot/share/interpreter/linkResolver.cpp, line 1350]
Event: 443.325 Thread 0x00007fdf64810e00 Exception <a 'java/lang/NullPointerException'{0x00000007eb8908c8}> (0x00000007eb8908c8) 
thrown [src/hotspot/share/interpreter/linkResolver.cpp, line 1350]
Event: 443.325 Thread 0x00007fdf64810e00 Exception <a 'java/lang/NullPointerException'{0x00000007eb891220}> (0x00000007eb891220) 
thrown [src/hotspot/share/interpreter/linkResolver.cpp, line 1350]
Event: 443.325 Thread 0x00007fdf64810e00 Exception <a 'java/lang/NullPointerException'{0x00000007eb8918e8}> (0x00000007eb8918e8) 
thrown [src/hotspot/share/interpreter/linkResolver.cpp, line 1350]
Event: 443.325 Thread 0x00007fdf64810e00 Exception <a 'java/lang/NullPointerException'{0x00000007eb891f70}> (0x00000007eb891f70) 
thrown [src/hotspot/share/interpreter/linkResolver.cpp, line 1350]
Event: 443.325 Thread 0x00007fdf64810e00 Exception <a 'java/lang/NullPointerException'{0x00000007eb892508}> (0x00000007eb892508) 
thrown [src/hotspot/share/interpreter/linkResolver.cpp, line 1350]
Event: 443.325 Thread 0x00007fdf64810e00 Exception <a 'java/lang/NullPointerException'{0x00000007eb892ac8}> (0x00000007eb892ac8) 
thrown [src/hotspot/share/interpreter/linkResolver.cpp, line 1350]
Event: 443.325 Thread 0x00007fdf64810e00 Exception <a 'java/lang/NullPointerException'{0x00000007eb893060}> (0x00000007eb893060) 
thrown [src/hotspot/share/interpreter/linkResolver.cpp, line 1350]
Event: 443.325 Thread 0x00007fdf64810e00 Exception <a 'java/lang/NullPointerException'{0x00000007eb893850}> (0x00000007eb893850) 
thrown [src/hotspot/share/interpreter/linkResolver.cpp, line 1350]
Event: 443.325 Thread 0x00007fdf64810e00 Exception <a 'java/lang/NullPointerException'{0x00000007eb893e38}> (0x00000007eb893e38) 
thrown [src/hotspot/share/interpreter/linkResolver.cpp, line 1350]
Event: 443.328 Thread 0x00007fdf6106aa00 Exception <a 'sun/nio/fs/UnixException'{0x00000007eb9a9500}> (0x00000007eb9a9500) 
thrown [src/hotspot/share/prims/jni.cpp, line 516]

VM Operations (20 events):
Event: 442.809 Executing VM operation: HandshakeAllThreads
Event: 442.809 Executing VM operation: HandshakeAllThreads done
Event: 442.819 Executing VM operation: HandshakeAllThreads
Event: 442.819 Executing VM operation: HandshakeAllThreads done
Event: 442.910 Executing VM operation: ParallelGCFailedAllocation
Event: 442.923 Executing VM operation: ParallelGCFailedAllocation done
Event: 443.020 Executing VM operation: ParallelGCFailedAllocation
Event: 443.020 Executing VM operation: ParallelGCFailedAllocation done
Event: 443.043 Executing VM operation: ParallelGCFailedAllocation
Event: 443.044 Executing VM operation: ParallelGCFailedAllocation done
Event: 443.064 Executing VM operation: ParallelGCFailedAllocation
Event: 443.067 Executing VM operation: ParallelGCFailedAllocation done
Event: 443.118 Executing VM operation: ParallelGCFailedAllocation
Event: 443.160 Executing VM operation: ParallelGCFailedAllocation done
Event: 443.222 Executing VM operation: HandshakeAllThreads
Event: 443.222 Executing VM operation: HandshakeAllThreads done
Event: 443.331 Executing VM operation: HandshakeAllThreads
Event: 443.331 Executing VM operation: HandshakeAllThreads done
Event: 443.331 Executing VM operation: HandshakeAllThreads
Event: 443.331 Executing VM operation: HandshakeAllThreads done

Events (20 events):
Event: 443.334 Thread 0x00007fdf6400b400 flushing nmethod 0x0000000114b27490
Event: 443.335 Thread 0x00007fdf6400b400 flushing nmethod 0x0000000114c29910
Event: 443.335 Thread 0x00007fdf6400b400 flushing nmethod 0x0000000114c2ec90
Event: 443.335 Thread 0x00007fdf6400b400 flushing nmethod 0x0000000114c84790
Event: 443.335 Thread 0x00007fdf6400b400 flushing nmethod 0x0000000114c89710
Event: 443.335 Thread 0x00007fdf6400b400 flushing nmethod 0x0000000114ccad10
Event: 443.335 Thread 0x00007fdf6400b400 flushing nmethod 0x0000000114d0cd10
Event: 443.335 Thread 0x00007fdf6400b400 flushing nmethod 0x0000000114d14d10
Event: 443.335 Thread 0x00007fdf6400b400 flushing nmethod 0x0000000114d40d10
Event: 443.335 Thread 0x00007fdf6400b400 flushing nmethod 0x0000000114d41690
Event: 443.335 Thread 0x00007fdf6400b400 flushing nmethod 0x0000000114d57790
Event: 443.335 Thread 0x00007fdf6400b400 flushing nmethod 0x0000000114da7090
Event: 443.335 Thread 0x00007fdf6400b400 flushing nmethod 0x0000000114e0f990
Event: 443.335 Thread 0x00007fdf6400b400 flushing nmethod 0x0000000114e59f10
Event: 443.335 Thread 0x00007fdf6400b400 flushing nmethod 0x0000000114e5e290
Event: 443.335 Thread 0x00007fdf6400b400 flushing nmethod 0x0000000114e7dd90
Event: 443.335 Thread 0x00007fdf6400b400 flushing nmethod 0x0000000114e8e910
Event: 443.335 Thread 0x00007fdf6400b400 flushing nmethod 0x0000000114e91b10
Event: 443.335 Thread 0x00007fdf6400b400 flushing nmethod 0x0000000114e93590
Event: 443.336 Thread 0x00007fdf6400b400 flushing nmethod 0x0000000114f55190


Dynamic libraries:
0x0000000107e23000 	/Users/mac/.vscode/extensions/redhat.java-1.14.0-darwin-x64/jre/17.0.5-macosx-x86_64/lib/libjli.dylib
0x00007ff822e1a000 	/usr/lib/libz.1.dylib
0x00007ff822efa000 	/usr/lib/libSystem.B.dylib
0x00007ff822ef5000 	/usr/lib/system/libcache.dylib
0x00007ff822eb1000 	/usr/lib/system/libcommonCrypto.dylib
0x00007ff822eda000 	/usr/lib/system/libcompiler_rt.dylib
0x00007ff822ed0000 	/usr/lib/system/libcopyfile.dylib
0x00007ff817f16000 	/usr/lib/system/libcorecrypto.dylib
0x00007ff817fd5000 	/usr/lib/system/libdispatch.dylib
0x00007ff818194000 	/usr/lib/system/libdyld.dylib
0x00007ff822eec000 	/usr/lib/system/libkeymgr.dylib
0x00007ff822e8f000 	/usr/lib/system/libmacho.dylib
0x00007ff82251f000 	/usr/lib/system/libquarantine.dylib
0x00007ff822eea000 	/usr/lib/system/libremovefile.dylib
0x00007ff81d0f8000 	/usr/lib/system/libsystem_asl.dylib
0x00007ff817ec4000 	/usr/lib/system/libsystem_blocks.dylib
0x00007ff818059000 	/usr/lib/system/libsystem_c.dylib
0x00007ff822ee2000 	/usr/lib/system/libsystem_collections.dylib
0x00007ff8217c7000 	/usr/lib/system/libsystem_configuration.dylib
0x00007ff820a88000 	/usr/lib/system/libsystem_containermanager.dylib
0x00007ff822bcc000 	/usr/lib/system/libsystem_coreservices.dylib
0x00007ff81a7be000 	/usr/lib/system/libsystem_darwin.dylib
0x00007ff822eed000 	/usr/lib/system/libsystem_dnssd.dylib
0x00007ff818056000 	/usr/lib/system/libsystem_featureflags.dylib
0x00007ff8181aa000 	/usr/lib/system/libsystem_info.dylib
0x00007ff822e2d000 	/usr/lib/system/libsystem_m.dylib
0x00007ff817fa9000 	/usr/lib/system/libsystem_malloc.dylib
0x00007ff81d095000 	/usr/lib/system/libsystem_networkextension.dylib
0x00007ff81abe6000 	/usr/lib/system/libsystem_notify.dylib
0x00007ff829069000 	/usr/lib/system/libsystem_product_info_filter.dylib
0x00007ff8217cb000 	/usr/lib/system/libsystem_sandbox.dylib
0x00007ff822ee7000 	/usr/lib/system/libsystem_secinit.dylib
0x00007ff818151000 	/usr/lib/system/libsystem_kernel.dylib
0x00007ff8181a0000 	/usr/lib/system/libsystem_platform.dylib
0x00007ff818188000 	/usr/lib/system/libsystem_pthread.dylib
0x00007ff81e94d000 	/usr/lib/system/libsystem_symptoms.dylib
0x00007ff817efd000 	/usr/lib/system/libsystem_trace.dylib
0x00007ff822ebd000 	/usr/lib/system/libunwind.dylib
0x00007ff817ec6000 	/usr/lib/system/libxpc.dylib
0x00007ff81813b000 	/usr/lib/libc++abi.dylib
0x00007ff81801c000 	/usr/lib/libobjc.A.dylib
0x00007ff822ec8000 	/usr/lib/liboah.dylib
0x00007ff8180e2000 	/usr/lib/libc++.1.dylib
0x00007ff82edbf000 	/System/Library/Frameworks/Cocoa.framework/Versions/A/Cocoa
0x00007ff81ac44000 	/System/Library/Frameworks/AppKit.framework/Versions/C/AppKit
0x00007ff81e13a000 	/System/Library/Frameworks/CoreData.framework/Versions/A/CoreData
0x00007ff81905b000 	/System/Library/Frameworks/Foundation.framework/Versions/C/Foundation
0x00007ff81bad3000 	/System/Library/PrivateFrameworks/UIFoundation.framework/Versions/A/UIFoundation
0x00007ff828d70000 	/System/Library/PrivateFrameworks/RemoteViewServices.framework/Versions/A/RemoteViewServices
0x00007ff821160000 	/System/Library/PrivateFrameworks/XCTTargetBootstrap.framework/Versions/A/XCTTargetBootstrap
0x00007ff824d0a000 	/System/Library/PrivateFrameworks/InternationalSupport.framework/Versions/A/InternationalSupport
0x00007ff824d94000 	/System/Library/PrivateFrameworks/UserActivity.framework/Versions/A/UserActivity
0x00007ff8240ea000 	/usr/lib/libspindump.dylib
0x00007ff81bd61000 	/System/Library/Frameworks/UniformTypeIdentifiers.framework/Versions/A/UniformTypeIdentifiers
0x00007ff81f89d000 	/usr/lib/libapp_launch_measurement.dylib
0x00007ff81eb06000 	/System/Library/PrivateFrameworks/CoreAnalytics.framework/Versions/A/CoreAnalytics
0x00007ff81f8a0000 	/System/Library/PrivateFrameworks/CoreAutoLayout.framework/Versions/A/CoreAutoLayout
0x00007ff820ac0000 	/System/Library/Frameworks/Metal.framework/Versions/A/Metal
0x00007ff8217d6000 	/usr/lib/liblangid.dylib
0x00007ff821164000 	/System/Library/PrivateFrameworks/CoreSVG.framework/Versions/A/CoreSVG
0x00007ff81d128000 	/System/Library/PrivateFrameworks/SkyLight.framework/Versions/A/SkyLight
0x00007ff81d4bb000 	/System/Library/Frameworks/CoreGraphics.framework/Versions/A/CoreGraphics
0x00007ff8293df000 	/System/Library/Frameworks/Accelerate.framework/Versions/A/Accelerate
0x00007ff823b65000 	/System/Library/PrivateFrameworks/IconServices.framework/Versions/A/IconServices
0x00007ff820aa5000 	/System/Library/Frameworks/IOSurface.framework/Versions/A/IOSurface
0x00007ff81eb34000 	/usr/lib/libDiagnosticMessagesClient.dylib
0x00007ff82ca4e000 	/System/Library/Frameworks/ApplicationServices.framework/Versions/A/ApplicationServices
0x00007ff82114c000 	/System/Library/PrivateFrameworks/DFRFoundation.framework/Versions/A/DFRFoundation
0x00007ff81a535000 	/usr/lib/libicucore.A.dylib
0x00007ff825a2f000 	/System/Library/Frameworks/AudioToolbox.framework/Versions/A/AudioToolbox
0x00007ff824d16000 	/System/Library/PrivateFrameworks/DataDetectorsCore.framework/Versions/A/DataDetectorsCore
0x00007ff920675000 	/System/Library/PrivateFrameworks/TextInput.framework/Versions/A/TextInput
0x00007ff81d0ac000 	/usr/lib/libMobileGestalt.dylib
0x00007ff820e54000 	/System/Library/Frameworks/Carbon.framework/Versions/A/Frameworks/HIToolbox.framework/Versions/A/HIToolbox
0x00007ff81f2ca000 	/System/Library/Frameworks/QuartzCore.framework/Versions/A/QuartzCore
0x00007ff81a1d5000 	/System/Library/Frameworks/Security.framework/Versions/A/Security
0x00007ff828da8000 	/System/Library/Frameworks/Carbon.framework/Versions/A/Frameworks/SpeechRecognition.framework/Versions/A/SpeechRecognition
0x00007ff81f5fd000 	/System/Library/PrivateFrameworks/CoreUI.framework/Versions/A/CoreUI
0x00007ff819aad000 	/System/Library/Frameworks/CoreAudio.framework/Versions/A/CoreAudio
0x00007ff81ec22000 	/System/Library/Frameworks/DiskArbitration.framework/Versions/A/DiskArbitration
0x00007ff8244d1000 	/System/Library/PrivateFrameworks/MultitouchSupport.framework/Versions/A/MultitouchSupport
0x00007ff81d0ab000 	/usr/lib/libenergytrace.dylib
0x00007ff81ab30000 	/System/Library/Frameworks/IOKit.framework/Versions/A/IOKit
0x00007ff829194000 	/System/Library/Frameworks/CoreServices.framework/Versions/A/CoreServices
0x00007ff81f837000 	/System/Library/PrivateFrameworks/PerformanceAnalysis.framework/Versions/A/PerformanceAnalysis
0x00007ffa2fe40000 	/System/Library/Frameworks/OpenGL.framework/Versions/A/OpenGL
0x00007ff82244b000 	/System/Library/PrivateFrameworks/MobileKeyBag.framework/Versions/A/MobileKeyBag
0x00007ff81db87000 	/System/Library/Frameworks/ColorSync.framework/Versions/A/ColorSync
0x00007ff8181d5000 	/System/Library/Frameworks/CoreFoundation.framework/Versions/A/CoreFoundation
0x00007ff8213dd000 	/System/Library/Frameworks/CoreImage.framework/Versions/A/CoreImage
0x00007ff8198c3000 	/System/Library/Frameworks/CoreText.framework/Versions/A/CoreText
0x00007ff821193000 	/System/Library/Frameworks/ImageIO.framework/Versions/A/ImageIO
0x00007ff822f00000 	/System/Library/PrivateFrameworks/SoftLinking.framework/Versions/A/SoftLinking
0x00007ff81f8e8000 	/usr/lib/libxml2.2.dylib
0x00007ff823184000 	/usr/lib/libcompression.dylib
0x00007ff824c40000 	/System/Library/PrivateFrameworks/TextureIO.framework/Versions/A/TextureIO
0x00007ff823877000 	/usr/lib/libate.dylib
0x00007ff823655000 	/usr/lib/liblzma.5.dylib
0x00007ff818d6c000 	/System/Library/Frameworks/SystemConfiguration.framework/Versions/A/SystemConfiguration
0x00007ff822efc000 	/usr/lib/libfakelink.dylib
0x00007ff81cbfe000 	/System/Library/Frameworks/CFNetwork.framework/Versions/A/CFNetwork
0x00007ff82303b000 	/usr/lib/libarchive.2.dylib
0x00007ff8217d2000 	/System/Library/PrivateFrameworks/AppleSystemInfo.framework/Versions/A/AppleSystemInfo
0x00007ff822546000 	/usr/lib/libbsm.0.dylib
0x00007ff81c234000 	/usr/lib/libnetwork.dylib
0x00007ff822e95000 	/usr/lib/system/libkxld.dylib
0x00007ff822174000 	/System/Library/PrivateFrameworks/IOMobileFramebuffer.framework/Versions/A/IOMobileFramebuffer
0x00007ffb2dbee000 	/usr/lib/libCoreEntitlements.dylib
0x00007ff822bae000 	/System/Library/PrivateFrameworks/AppleFSCompression.framework/Versions/A/AppleFSCompression
0x00007ff82252e000 	/usr/lib/libcoretls.dylib
0x00007ff82366f000 	/usr/lib/libcoretls_cfhelpers.dylib
0x00007ff82317f000 	/usr/lib/libpam.2.dylib
0x00007ff81e56f000 	/usr/lib/libsqlite3.dylib
0x00007ff8236de000 	/usr/lib/libxar.1.dylib
0x00007ff822bbe000 	/usr/lib/libbz2.1.0.dylib
0x00007ff822f01000 	/usr/lib/libpcap.A.dylib
0x00007ff81e944000 	/usr/lib/libdns_services.dylib
0x00007ff82314e000 	/usr/lib/libapple_nghttp2.dylib
0x00007ff822f38000 	/usr/lib/libiconv.2.dylib
0x00007ff822e8e000 	/usr/lib/libcharset.1.dylib
0x00007ff81f86b000 	/System/Library/Frameworks/CoreServices.framework/Versions/A/Frameworks/FSEvents.framework/Versions/A/FSEvents
0x00007ff81a7c8000 	/System/Library/Frameworks/CoreServices.framework/Versions/A/Frameworks/CarbonCore.framework/Versions/A/CarbonCore
0x00007ff81eb87000 	/System/Library/Frameworks/CoreServices.framework/Versions/A/Frameworks/Metadata.framework/Versions/A/Metadata
0x00007ff822bd1000 	/System/Library/Frameworks/CoreServices.framework/Versions/A/Frameworks/OSServices.framework/Versions/A/OSServices
0x00007ff8230c2000 	/System/Library/Frameworks/CoreServices.framework/Versions/A/Frameworks/SearchKit.framework/Versions/A/SearchKit
0x00007ff81e8d6000 	/System/Library/Frameworks/CoreServices.framework/Versions/A/Frameworks/AE.framework/Versions/A/AE
0x00007ff8186d8000 	/System/Library/Frameworks/CoreServices.framework/Versions/A/Frameworks/LaunchServices.framework/Versions/A/LaunchServices
0x00007ff823606000 	/System/Library/Frameworks/CoreServices.framework/Versions/A/Frameworks/DictionaryServices.framework/Versions/A/DictionaryServices
0x00007ff81f878000 	/System/Library/Frameworks/CoreServices.framework/Versions/A/Frameworks/SharedFileList.framework/Versions/A/SharedFileList
0x00007ff822522000 	/usr/lib/libCheckFix.dylib
0x00007ff81d10f000 	/System/Library/PrivateFrameworks/TCC.framework/Versions/A/TCC
0x00007ff8217d8000 	/System/Library/PrivateFrameworks/CoreNLP.framework/Versions/A/CoreNLP
0x00007ff81eb37000 	/System/Library/PrivateFrameworks/MetadataUtilities.framework/Versions/A/MetadataUtilities
0x00007ff818e1c000 	/usr/lib/libmecabra.dylib
0x00007ff822556000 	/usr/lib/libmecab.dylib
0x00007ff818de7000 	/usr/lib/libCRFSuite.dylib
0x00007ff8225b3000 	/usr/lib/libgermantok.dylib
0x00007ff823129000 	/usr/lib/libThaiTokenizer.dylib
0x00007ff81ec29000 	/System/Library/Frameworks/Accelerate.framework/Versions/A/Frameworks/vImage.framework/Versions/A/vImage
0x00007ff82916b000 	/System/Library/Frameworks/Accelerate.framework/Versions/A/Frameworks/vecLib.framework/Versions/A/vecLib
0x00007ff82371f000 	/System/Library/Frameworks/Accelerate.framework/Versions/A/Frameworks/vecLib.framework/Versions/A/libvMisc.dylib
0x00007ff821f92000 	/System/Library/Frameworks/Accelerate.framework/Versions/A/Frameworks/vecLib.framework/Versions/A/libvDSP.dylib
0x00007ff818a50000 	/System/Library/Frameworks/Accelerate.framework/Versions/A/Frameworks/vecLib.framework/Versions/A/libBLAS.dylib
0x00007ff823260000 	/System/Library/Frameworks/Accelerate.framework/Versions/A/Frameworks/vecLib.framework/Versions/A/libLAPACK.dylib
0x00007ff8225b6000 	/System/Library/Frameworks/Accelerate.framework/Versions/A/Frameworks/vecLib.framework/Versions/A/libLinearAlgebra.dylib
0x00007ff823167000 	/System/Library/Frameworks/Accelerate.framework/Versions/A/Frameworks/vecLib.framework/Versions/A/libSparseBLAS.dylib
0x00007ff82325a000 	/System/Library/Frameworks/Accelerate.framework/Versions/A/Frameworks/vecLib.framework/Versions/A/libQuadrature.dylib
0x00007ff8218c2000 	/System/Library/Frameworks/Accelerate.framework/Versions/A/Frameworks/vecLib.framework/Versions/A/libBNNS.dylib
0x00007ff818cfd000 	/System/Library/Frameworks/Accelerate.framework/Versions/A/Frameworks/vecLib.framework/Versions/A/libSparse.dylib
0x00007ff8218bb000 	/System/Library/PrivateFrameworks/LinguisticData.framework/Versions/A/LinguisticData
0x00007ff818cb2000 	/System/Library/PrivateFrameworks/Lexicon.framework/Versions/A/Lexicon
0x00007ff823718000 	/usr/lib/libChineseTokenizer.dylib
0x00007ff819416000 	/System/Library/PrivateFrameworks/LanguageModeling.framework/Versions/A/LanguageModeling
0x00007ff82312b000 	/System/Library/PrivateFrameworks/AppleSauce.framework/Versions/A/AppleSauce
0x00007ff822162000 	/System/Library/PrivateFrameworks/CoreEmoji.framework/Versions/A/CoreEmoji
0x00007ff82302a000 	/usr/lib/libcmph.dylib
0x00007ff81f84f000 	/System/Library/Frameworks/OpenDirectory.framework/Versions/A/Frameworks/CFOpenDirectory.framework/Versions/A/CFOpenDirectory
0x00007ff81f843000 	/System/Library/Frameworks/OpenDirectory.framework/Versions/A/OpenDirectory
0x00007ff823671000 	/System/Library/PrivateFrameworks/APFS.framework/Versions/A/APFS
0x00007ff822483000 	/System/Library/Frameworks/SecurityFoundation.framework/Versions/A/SecurityFoundation
0x00007ff8236ec000 	/usr/lib/libutil.dylib
0x00007ff81aaf3000 	/System/Library/PrivateFrameworks/CoreServicesStore.framework/Versions/A/CoreServicesStore
0x00007ff8236f0000 	/usr/lib/libxslt.1.dylib
0x00007ff822510000 	/System/Library/PrivateFrameworks/BackgroundTaskManagement.framework/Versions/A/BackgroundTaskManagement
0x00007ff824b60000 	/System/Library/Frameworks/ImageIO.framework/Versions/A/Resources/libRadiance.dylib
0x00007ff824b69000 	/System/Library/Frameworks/ImageIO.framework/Versions/A/Resources/libJPEG.dylib
0x00007ff824ab9000 	/System/Library/Frameworks/ImageIO.framework/Versions/A/Resources/libPng.dylib
0x00007ff824ada000 	/System/Library/Frameworks/ImageIO.framework/Versions/A/Resources/libTIFF.dylib
0x00007ff824bc9000 	/System/Library/Frameworks/ImageIO.framework/Versions/A/Resources/libGIF.dylib
0x00007ff8243ea000 	/System/Library/Frameworks/ImageIO.framework/Versions/A/Resources/libJP2.dylib
0x00007ff823b2c000 	/usr/lib/libexpat.1.dylib
0x00007ff82439f000 	/System/Library/PrivateFrameworks/AppleJPEG.framework/Versions/A/AppleJPEG
0x00007ff820d1b000 	/System/Library/PrivateFrameworks/FontServices.framework/libFontParser.dylib
0x00007ff81e880000 	/System/Library/PrivateFrameworks/RunningBoardServices.framework/Versions/A/RunningBoardServices
0x00007ff82f339000 	/System/Library/PrivateFrameworks/IOSurfaceAccelerator.framework/Versions/A/IOSurfaceAccelerator
0x00007ff8244cd000 	/System/Library/PrivateFrameworks/WatchdogClient.framework/Versions/A/WatchdogClient
0x00007ff819505000 	/System/Library/Frameworks/CoreDisplay.framework/Versions/A/CoreDisplay
0x00007ff820c1a000 	/System/Library/Frameworks/CoreMedia.framework/Versions/A/CoreMedia
0x00007ff820ab7000 	/System/Library/PrivateFrameworks/IOAccelerator.framework/Versions/A/IOAccelerator
0x00007ff81f9cb000 	/System/Library/Frameworks/CoreVideo.framework/Versions/A/CoreVideo
0x00007ff82317d000 	/System/Library/Frameworks/MetalPerformanceShaders.framework/Versions/A/MetalPerformanceShaders
0x00007ff824508000 	/System/Library/Frameworks/VideoToolbox.framework/Versions/A/VideoToolbox
0x00007ff81e7c8000 	/System/Library/PrivateFrameworks/BaseBoard.framework/Versions/A/BaseBoard
0x00007ff81e555000 	/System/Library/PrivateFrameworks/ProtocolBuffer.framework/Versions/A/ProtocolBuffer
0x00007ff824b59000 	/System/Library/PrivateFrameworks/GPUWrangler.framework/Versions/A/GPUWrangler
0x00007ff824b3c000 	/System/Library/PrivateFrameworks/IOPresentment.framework/Versions/A/IOPresentment
0x00007ff824b63000 	/System/Library/PrivateFrameworks/DSExternalDisplay.framework/Versions/A/DSExternalDisplay
0x00007ffa2fe34000 	/System/Library/Frameworks/OpenGL.framework/Versions/A/Libraries/libCoreFSCache.dylib
0x00007ffb1bed8000 	/System/Library/PrivateFrameworks/GPUCompiler.framework/Versions/31001/Libraries/libGPUCompilerUtils.dylib
0x00007ff824bce000 	/System/Library/PrivateFrameworks/CMCaptureCore.framework/Versions/A/CMCaptureCore
0x00007ff8240d8000 	/System/Library/PrivateFrameworks/AppServerSupport.framework/Versions/A/AppServerSupport
0x00007ff8262b5000 	/System/Library/PrivateFrameworks/perfdata.framework/Versions/A/perfdata
0x00007ff819631000 	/System/Library/PrivateFrameworks/AudioToolboxCore.framework/Versions/A/AudioToolboxCore
0x00007ff820bf7000 	/System/Library/PrivateFrameworks/caulk.framework/Versions/A/caulk
0x00007ff825bd9000 	/usr/lib/libAudioStatistics.dylib
0x00007ff91cf06000 	/System/Library/PrivateFrameworks/SystemPolicy.framework/Versions/A/SystemPolicy
0x00007ff825e2e000 	/usr/lib/libSMC.dylib
0x00007ff82ec72000 	/System/Library/Frameworks/CoreMIDI.framework/Versions/A/CoreMIDI
0x00007ff824a89000 	/usr/lib/libAudioToolboxUtility.dylib
0x00007ff919318000 	/System/Library/PrivateFrameworks/OSAServicesClient.framework/Versions/A/OSAServicesClient
0x00007ff8262c2000 	/usr/lib/libperfcheck.dylib
0x00007ff91d998000 	/usr/lib/libmis.dylib
0x00007ffa2fe90000 	/System/Library/Frameworks/OpenGL.framework/Versions/A/Libraries/libGLU.dylib
0x00007ffa2fe53000 	/System/Library/Frameworks/OpenGL.framework/Versions/A/Libraries/libGFXShared.dylib
0x00007ffa30061000 	/System/Library/Frameworks/OpenGL.framework/Versions/A/Libraries/libGL.dylib
0x00007ffa2fe5c000 	/System/Library/Frameworks/OpenGL.framework/Versions/A/Libraries/libGLImage.dylib
0x00007ffa2fe50000 	/System/Library/Frameworks/OpenGL.framework/Versions/A/Libraries/libCVMSPluginSupport.dylib
0x00007ffa2fe3b000 	/System/Library/Frameworks/OpenGL.framework/Versions/A/Libraries/libCoreVMClient.dylib
0x00007ff821756000 	/System/Library/Frameworks/MetalPerformanceShaders.framework/Versions/A/Frameworks/MPSCore.framework/Versions/A/MPSCore
0x00007ff822b19000 	/System/Library/Frameworks/MetalPerformanceShaders.framework/Versions/A/Frameworks/MPSImage.framework/Versions/A/MPSImage
0x00007ff8225cc000 	/System/Library/Frameworks/MetalPerformanceShaders.framework/Versions/A/Frameworks/MPSNeuralNetwork.framework/Versions/A/MPSNeuralNetwork
0x00007ff822a41000 	/System/Library/Frameworks/MetalPerformanceShaders.framework/Versions/A/Frameworks/MPSMatrix.framework/Versions/A/MPSMatrix
0x00007ff8227fd000 	/System/Library/Frameworks/MetalPerformanceShaders.framework/Versions/A/Frameworks/MPSRayIntersector.framework/Versions/A/MPSRayIntersector
0x00007ff822a7a000 	/System/Library/Frameworks/MetalPerformanceShaders.framework/Versions/A/Frameworks/MPSNDArray.framework/Versions/A/MPSNDArray
0x00007ffa34a52000 	/System/Library/Frameworks/MetalPerformanceShaders.framework/Versions/A/Frameworks/MPSFunctions.framework/Versions/A/MPSFunctions
0x00007ff818933000 	/System/Library/PrivateFrameworks/MetalTools.framework/Versions/A/MetalTools
0x00007ff8217d0000 	/System/Library/PrivateFrameworks/AggregateDictionary.framework/Versions/A/AggregateDictionary
0x00007ff82390e000 	/usr/lib/libIOReport.dylib
0x00007ffa31470000 	/System/Library/Frameworks/OpenCL.framework/Versions/A/OpenCL
0x00007ff823c72000 	/System/Library/PrivateFrameworks/FaceCore.framework/Versions/A/FaceCore
0x00007ff823c63000 	/System/Library/PrivateFrameworks/GraphVisualizer.framework/Versions/A/GraphVisualizer
0x00007ffb1bde3000 	/System/Library/PrivateFrameworks/FontServices.framework/Versions/A/FontServices
0x00007ff82408f000 	/System/Library/PrivateFrameworks/OTSVG.framework/Versions/A/OTSVG
0x00007ff81f5b3000 	/System/Library/Frameworks/ApplicationServices.framework/Versions/A/Frameworks/ATS.framework/Versions/A/Resources/libFontRegistry.dylib
0x00007ff8240e0000 	/System/Library/PrivateFrameworks/FontServices.framework/libhvf.dylib
0x00007ffb1bde4000 	/System/Library/PrivateFrameworks/FontServices.framework/libXTFontStaticRegistryData.dylib
0x00007ff823adc000 	/System/Library/PrivateFrameworks/AppleVA.framework/Versions/A/AppleVA
0x00007ff825bfd000 	/System/Library/Frameworks/ApplicationServices.framework/Versions/A/Frameworks/ATS.framework/Versions/A/ATS
0x00007ff81dc83000 	/System/Library/Frameworks/ApplicationServices.framework/Versions/A/Frameworks/HIServices.framework/Versions/A/HIServices
0x00007ff824bd8000 	/System/Library/Frameworks/ApplicationServices.framework/Versions/A/Frameworks/PrintCore.framework/Versions/A/PrintCore
0x00007ff825f81000 	/System/Library/Frameworks/ApplicationServices.framework/Versions/A/Frameworks/QD.framework/Versions/A/QD
0x00007ff825f79000 	/System/Library/Frameworks/ApplicationServices.framework/Versions/A/Frameworks/ColorSyncLegacy.framework/Versions/A/ColorSyncLegacy
0x00007ff825bed000 	/System/Library/Frameworks/ApplicationServices.framework/Versions/A/Frameworks/SpeechSynthesis.framework/Versions/A/SpeechSynthesis
0x00007ff824b99000 	/System/Library/Frameworks/ApplicationServices.framework/Versions/A/Frameworks/ATSUI.framework/Versions/A/ATSUI
0x00007ff825f0e000 	/usr/lib/libcups.2.dylib
0x00007ff8262d1000 	/System/Library/Frameworks/Kerberos.framework/Versions/A/Kerberos
0x00007ff8262e0000 	/System/Library/Frameworks/GSS.framework/Versions/A/GSS
0x00007ff825c69000 	/usr/lib/libresolv.9.dylib
0x00007ff8240ef000 	/System/Library/PrivateFrameworks/Heimdal.framework/Versions/A/Heimdal
0x00007ff82cdc9000 	/System/Library/Frameworks/Kerberos.framework/Versions/A/Libraries/libHeimdalProxy.dylib
0x00007ff81e955000 	/System/Library/Frameworks/Network.framework/Versions/A/Network
0x00007ff823b46000 	/usr/lib/libheimdal-asn1.dylib
0x00007ff82632c000 	/System/Library/PrivateFrameworks/CommonAuth.framework/Versions/A/CommonAuth
0x00007ff825b6a000 	/System/Library/PrivateFrameworks/AudioSession.framework/Versions/A/AudioSession
0x00007ff823bd6000 	/System/Library/PrivateFrameworks/MediaExperience.framework/Versions/A/MediaExperience
0x00007ff8259fe000 	/System/Library/PrivateFrameworks/AudioSession.framework/libSessionUtility.dylib
0x00007ff825f8d000 	/System/Library/PrivateFrameworks/AudioResourceArbitration.framework/Versions/A/AudioResourceArbitration
0x00007ff829f7e000 	/System/Library/PrivateFrameworks/PowerLog.framework/Versions/A/PowerLog
0x00007ff823b4f000 	/System/Library/PrivateFrameworks/IconFoundation.framework/Versions/A/IconFoundation
0x00007ff828d98000 	/System/Library/PrivateFrameworks/SpeechRecognitionCore.framework/Versions/A/SpeechRecognitionCore
0x0000000108f76000 	/Users/mac/.vscode/extensions/redhat.java-1.14.0-darwin-x64/jre/17.0.5-macosx-x86_64/lib/server/libjvm.dylib
0x0000000107e53000 	/Users/mac/.vscode/extensions/redhat.java-1.14.0-darwin-x64/jre/17.0.5-macosx-x86_64/lib/libjimage.dylib
0x0000000107e6f000 	/Users/mac/.vscode/extensions/redhat.java-1.14.0-darwin-x64/jre/17.0.5-macosx-x86_64/lib/libinstrument.dylib
0x0000000107eaa000 	/Users/mac/.vscode/extensions/redhat.java-1.14.0-darwin-x64/jre/17.0.5-macosx-x86_64/lib/libjava.dylib
0x0000000108642000 	/Users/mac/.vscode/extensions/redhat.java-1.14.0-darwin-x64/jre/17.0.5-macosx-x86_64/lib/libzip.dylib
0x0000000108665000 	/Users/mac/.vscode/extensions/redhat.java-1.14.0-darwin-x64/jre/17.0.5-macosx-x86_64/lib/libnio.dylib
0x0000000108694000 	/Users/mac/.vscode/extensions/redhat.java-1.14.0-darwin-x64/jre/17.0.5-macosx-x86_64/lib/libnet.dylib
0x000000010867a000 	/Users/mac/.vscode/extensions/redhat.java-1.14.0-darwin-x64/jre/17.0.5-macosx-x86_64/lib/libverify.dylib
0x00000001086c7000 	/Users/mac/Library/Application Support/Code/User/globalStorage/redhat.java/1.14.0/config_mac/org.eclipse.equinox.launcher/org.eclipse.equinox.launcher.cocoa.macosx.x86_64_1.2.700.v20221108-1024/eclipse_11801.so
0x00007ff81aab4000 	/System/Library/PrivateFrameworks/CoreServicesInternal.framework/Versions/A/CoreServicesInternal
0x00007ff82a56f000 	/System/Library/Frameworks/FileProvider.framework/Versions/A/FileProvider
0x00007ff81e734000 	/System/Library/Frameworks/Accounts.framework/Versions/A/Accounts
0x00007ff82a6e6000 	/System/Library/PrivateFrameworks/GenerationalStorage.framework/Versions/A/GenerationalStorage
0x00007ff82b1f8000 	/System/Library/PrivateFrameworks/CoreSymbolication.framework/Versions/A/CoreSymbolication
0x00007ff829f73000 	/System/Library/PrivateFrameworks/SymptomDiagnosticReporter.framework/Versions/A/SymptomDiagnosticReporter
0x00007ff81bd75000 	/System/Library/PrivateFrameworks/DesktopServicesPriv.framework/Versions/A/DesktopServicesPriv
0x00007ff81abf5000 	/usr/lib/libsandbox.1.dylib
0x00007ff81fa4a000 	/System/Library/PrivateFrameworks/UserManagement.framework/Versions/A/UserManagement
0x00007ff82b1bd000 	/System/Library/PrivateFrameworks/DebugSymbols.framework/Versions/A/DebugSymbols
0x00007ff825f6e000 	/System/Library/PrivateFrameworks/NetAuth.framework/Versions/A/NetAuth
0x00007ff826e5c000 	/System/Library/PrivateFrameworks/Sharing.framework/Versions/A/Sharing
0x00007ff81fa1d000 	/System/Library/PrivateFrameworks/login.framework/Versions/A/Frameworks/loginsupport.framework/Versions/A/loginsupport
0x00007ff82c2fd000 	/System/Library/PrivateFrameworks/Apple80211.framework/Versions/A/Apple80211
0x00007ff822bfe000 	/System/Library/PrivateFrameworks/AuthKit.framework/Versions/A/AuthKit
0x00007ff822258000 	/System/Library/PrivateFrameworks/CoreUtils.framework/Versions/A/CoreUtils
0x00007ff82217f000 	/System/Library/Frameworks/CoreWLAN.framework/Versions/A/CoreWLAN
0x00007ff826fb7000 	/System/Library/Frameworks/IOBluetooth.framework/Versions/A/IOBluetooth
0x00007ff82c365000 	/System/Library/PrivateFrameworks/CoreWiFi.framework/Versions/A/CoreWiFi
0x00007ff82ad92000 	/System/Library/PrivateFrameworks/FrontBoardServices.framework/Versions/A/FrontBoardServices
0x00007ff82ae24000 	/System/Library/PrivateFrameworks/BoardServices.framework/Versions/A/BoardServices
0x00007ff822472000 	/System/Library/PrivateFrameworks/AssertionServices.framework/Versions/A/AssertionServices
0x00007ff82c4e9000 	/System/Library/PrivateFrameworks/BackBoardServices.framework/Versions/A/BackBoardServices
0x00007ff8263bb000 	/System/Library/PrivateFrameworks/CorePhoneNumbers.framework/Versions/A/CorePhoneNumbers
0x00007ff82a090000 	/System/Library/PrivateFrameworks/DiskManagement.framework/Versions/A/DiskManagement
0x00007ff829fa4000 	/System/Library/PrivateFrameworks/AppleIDAuthSupport.framework/Versions/A/AppleIDAuthSupport
0x00007ffa369e8000 	/System/Library/PrivateFrameworks/AAAFoundation.framework/Versions/A/AAAFoundation
0x00007ff82639c000 	/System/Library/PrivateFrameworks/KeychainCircle.framework/Versions/A/KeychainCircle
0x00007ff82a05c000 	/System/Library/PrivateFrameworks/MediaKit.framework/Versions/A/MediaKit
0x00007ff829fb0000 	/System/Library/Frameworks/DiscRecording.framework/Versions/A/DiscRecording
0x00007ff823a54000 	/usr/lib/libCoreStorage.dylib
0x00007ff82c7d8000 	/usr/lib/libcsfde.dylib
0x00007ff827084000 	/System/Library/PrivateFrameworks/ProtectedCloudStorage.framework/Versions/A/ProtectedCloudStorage
0x00007ff82c7d4000 	/System/Library/PrivateFrameworks/EFILogin.framework/Versions/A/EFILogin
0x00007ff82a70c000 	/System/Library/PrivateFrameworks/OctagonTrust.framework/Versions/A/OctagonTrust
0x00007ffb1b105000 	/System/Library/PrivateFrameworks/CoreUtilsExtras.framework/Versions/A/CoreUtilsExtras
0x00007ff829ee6000 	/System/Library/Frameworks/CoreBluetooth.framework/Versions/A/CoreBluetooth
0x00007ff82ce4e000 	/System/Library/Frameworks/AudioUnit.framework/Versions/A/AudioUnit
0x00007ff823a4c000 	/usr/lib/libMatch.1.dylib
0x00007ff81f743000 	/System/Library/PrivateFrameworks/ViewBridge.framework/Versions/A/ViewBridge
0x0000000108f06000 	/Users/mac/.vscode/extensions/redhat.java-1.14.0-darwin-x64/jre/17.0.5-macosx-x86_64/lib/libmanagement.dylib
0x0000000108f1b000 	/Users/mac/.vscode/extensions/redhat.java-1.14.0-darwin-x64/jre/17.0.5-macosx-x86_64/lib/libmanagement_ext.dylib
0x0000000108f10000 	/Users/mac/.gradle/native/e1d6ef7f7dcc3fd88c89a11ec53ec762bb8ba0a96d01ffa2cd45eb1d1d8dd5c5/osx-amd64/libnative-platform.dylib
0x0000000108f26000 	/Users/mac/.vscode/extensions/redhat.java-1.14.0-darwin-x64/jre/17.0.5-macosx-x86_64/lib/libextnet.dylib


VM Arguments:
jvm_args: --add-modules=ALL-SYSTEM --add-opens=java.base/java.util=ALL-UNNAMED --add-opens=java.base/java.lang=ALL-UNNAMED --add-opens=java.base/sun.nio.fs=ALL-UNNAMED -Declipse.application=org.eclipse.jdt.ls.core.id1 -Dosgi.bundles.defaultStartLevel=4 -Declipse.product=org.eclipse.jdt.ls.core.product -Djava.import.generatesMetadataFilesAtProjectRoot=false -Dfile.encoding=utf8 -XX:+UseParallelGC -XX:GCTimeRatio=4 -XX:AdaptiveSizePolicyWeight=90 -Dsun.zip.disableMemoryMapping=true -Xmx1G -Xms100m -Xlog:disable -javaagent:/Users/mac/.vscode/extensions/redhat.java-1.14.0-darwin-x64/lombok/lombok-1.18.24.jar -XX:+HeapDumpOnOutOfMemoryError -XX:HeapDumpPath=/Users/mac/Library/Application Support/Code/User/workspaceStorage/9db3e3170695d11c8c0c014fec26a4c1/redhat.java 
java_command: /Users/mac/.vscode/extensions/redhat.java-1.14.0-darwin-x64/server/plugins/org.eclipse.equinox.launcher_1.6.400.v20210924-0641.jar -configuration /Users/mac/Library/Application Support/Code/User/globalStorage/redhat.java/1.14.0/config_mac -data /Users/mac/Library/Application Support/Code/User/workspaceStorage/9db3e3170695d11c8c0c014fec26a4c1/redhat.java/jdt_ws
java_class_path (initial): /Users/mac/.vscode/extensions/redhat.java-1.14.0-darwin-x64/server/plugins/org.eclipse.equinox.launcher_1.6.400.v20210924-0641.jar
Launcher Type: SUN_STANDARD

[Global flags]
    uintx AdaptiveSizePolicyWeight                 = 90                                        {product} {command line}
     intx CICompilerCount                          = 3                                         {product} {ergonomic}
    uintx GCTimeRatio                              = 4                                         {product} {command line}
     bool HeapDumpOnOutOfMemoryError               = true                                   {manageable} {command line}
    ccstr HeapDumpPath                             = /Users/mac/Library/Application Support/Code/User/workspaceStorage/9db3e3170695d11c8c0c014fec26a4c1/redhat.java         {manageable} {command line}
   size_t InitialHeapSize                          = 104857600                                 {product} {command line}
   size_t MaxHeapSize                              = 1073741824                                {product} {command line}
   size_t MaxNewSize                               = 357564416                                 {product} {ergonomic}
   size_t MinHeapDeltaBytes                        = 524288                                    {product} {ergonomic}
   size_t MinHeapSize                              = 104857600                                 {product} {command line}
   size_t NewSize                                  = 34603008                                  {product} {ergonomic}
    uintx NonNMethodCodeHeapSize                   = 5832780                                {pd product} {ergonomic}
    uintx NonProfiledCodeHeapSize                  = 122912730                              {pd product} {ergonomic}
   size_t OldSize                                  = 70254592                                  {product} {ergonomic}
    uintx ProfiledCodeHeapSize                     = 122912730                              {pd product} {ergonomic}
    uintx ReservedCodeCacheSize                    = 251658240                              {pd product} {ergonomic}
     bool SegmentedCodeCache                       = true                                      {product} {ergonomic}
   size_t SoftMaxHeapSize                          = 1073741824                             {manageable} {ergonomic}
     bool UseCompressedClassPointers               = true                           {product lp64_product} {ergonomic}
     bool UseCompressedOops                        = true                           {product lp64_product} {ergonomic}
     bool UseNUMA                                  = false                                     {product} {ergonomic}
     bool UseNUMAInterleaving                      = false                                     {product} {ergonomic}
     bool UseParallelGC                            = true                                      {product} {command line}

Logging:
Log output configuration:
 #0: stdout all=off uptime,level,tags
 #1: stderr all=off uptime,level,tags

Environment Variables:
PATH=/usr/local/bin:/usr/bin:/bin:/usr/sbin:/sbin:/Library/Apple/usr/bin:/Users/mac/Library/Android/sdk/emulator:/Users/mac/Library/Android/sdk/platform-tools
SHELL=/bin/zsh
TMPDIR=/var/folders/rg/72glwh1x7m5dmdj7bnpdg5z00000gn/T/

Signal Handlers:
   SIGSEGV: _ZL13crash_handleriP9__siginfoPv in libjvm.dylib, mask=11100110000111110111111111111111, flags=SA_RESTART|SA_SIGINFO
    SIGBUS: _ZL13crash_handleriP9__siginfoPv in libjvm.dylib, mask=11100110000111110111111111111111, flags=SA_RESTART|SA_SIGINFO
    SIGFPE: _ZL13crash_handleriP9__siginfoPv in libjvm.dylib, mask=11100110000111110111111111111111, flags=SA_RESTART|SA_SIGINFO
   SIGPIPE: _ZL17javaSignalHandleriP9__siginfoPv in libjvm.dylib, mask=11100110000111110111111111111111, flags=SA_RESTART|SA_SIGINFO
   SIGXFSZ: _ZL17javaSignalHandleriP9__siginfoPv in libjvm.dylib, mask=11100110000111110111111111111111, flags=SA_RESTART|SA_SIGINFO
    SIGILL: _ZL13crash_handleriP9__siginfoPv in libjvm.dylib, mask=11100110000111110111111111111111, flags=SA_RESTART|SA_SIGINFO
   SIGUSR2: _ZL10SR_handleriP9__siginfoP17__darwin_ucontext in libjvm.dylib, mask=00000000000000000000000000000000, flags=SA_RESTART|SA_SIGINFO
    SIGHUP: _ZL11UserHandleriPvS_ in libjvm.dylib, mask=11100110000111110111111111111111, flags=SA_RESTART|SA_SIGINFO
    SIGINT: _ZL11UserHandleriPvS_ in libjvm.dylib, mask=11100110000111110111111111111111, flags=SA_RESTART|SA_SIGINFO
   SIGTERM: _ZL11UserHandleriPvS_ in libjvm.dylib, mask=11100110000111110111111111111111, flags=SA_RESTART|SA_SIGINFO
   SIGQUIT: _ZL11UserHandleriPvS_ in libjvm.dylib, mask=11100110000111110111111111111111, flags=SA_RESTART|SA_SIGINFO
  *** Handler was modified!
  *** Expected: _ZL17javaSignalHandleriP9__siginfoPv in libjvm.dylib, mask=11100110100111111111111111111111, flags=SA_RESTART|SA_SIGINFO
   SIGTRAP: _ZL13crash_handleriP9__siginfoPv in libjvm.dylib, mask=11100110000111110111111111111111, flags=SA_RESTART|SA_SIGINFO


---------------  S Y S T E M  ---------------

OS:
uname: Darwin 21.2.0 Darwin Kernel Version 21.2.0: Sun Nov 28 20:28:54 PST 2021; root:xnu-8019.61.5~1/RELEASE_X86_64 x86_64
OS uptime: 0 days 21:53 hours
rlimit (soft/hard): STACK 8192k/65532k , CORE 0k/infinity , NPROC 2784/4176 , NOFILE 10240/infinity , AS infinity/infinity , CPU infinity/infinity , DATA infinity/infinity , FSIZE infinity/infinity , MEMLOCK infinity/infinity , RSS infinity/infinity
load average: 2.50 1.99 1.74

CPU: total 6 (initial active 6) (6 cores per cpu, 1 threads per core) family 6 model 158 stepping 10 microcode 0xb4, cx8, cmov, fxsr, mmx, 3dnowpref, sse, sse2, sse3, ssse3, sse4.1, sse4.2, popcnt, lzcnt, tsc, tscinvbit, avx, avx2, aes, erms, clmul, bmi1, bmi2, adx, fma, vzeroupper, clflush, clflushopt

Memory: 4k page, physical 16777216k(39564k free), swap 1048576k(1045504k free)

vm_info: OpenJDK 64-Bit Server VM (17.0.5+8) for bsd-amd64 JRE (17.0.5+8), built on Oct 19 2022 04:30:55 by "temurin" with clang 4.2.1 Compatible Apple LLVM 10.0.1 (clang-1001.0.46.4)

END.
